2024-01-24 04:16:37,480 [INFO] Activator:176 - 


2024-01-24 04:16:37,487 [INFO] Activator:177 - !SESSION log4j initialized
2024-01-24 04:16:42,784 [INFO] LogOutputStream:77 - [STDOUT_REDIRECT] 
2024-01-24 04:16:44,486 [INFO] ApplicationProperties:184 - Using Application install path: /opt/st/stm32cubeide_1.14.0/plugins/com.st.stm32cube.common.mx_6.10.0.202311202037
2024-01-24 04:16:44,510 [INFO] DbMcusXml:78 - Set database path to: /opt/st/stm32cubeide_1.14.0/plugins/com.st.stm32cube.common.mx_6.10.0.202311202037//db//mcu/
2024-01-24 04:16:44,510 [INFO] ApiDb:274 - Set plugin database path to: /opt/st/stm32cubeide_1.14.0/plugins/com.st.stm32cube.common.mx_6.10.0.202311202037//db//plugins/boardmanager/
2024-01-24 04:16:44,510 [WARN] ApiDb:259 - Overriding images path with different value:  => /opt/st/stm32cubeide_1.14.0/plugins/com.st.stm32cube.common.mx_6.10.0.202311202037//db//plugins/mcufinder/images/
2024-01-24 04:16:44,522 [INFO] ApiDb:250 - Set database path to: /home/sleman/.stmcufinder/plugins/mcufinder//mcu/
2024-01-24 04:16:44,524 [INFO] DbMcusAds:125 - Set database path to: /home/sleman/.stmcufinder/plugins/mcufinder//mcu/
2024-01-24 04:16:44,527 [INFO] CrossReferenceDbSqlite:203 - Set database path to: /home/sleman/.stmcufinder/plugins/mcufinder//mcu/cs/
2024-01-24 04:16:44,698 [INFO] RulesReader:64 - Compatibility file has been processed (297 Rules)
2024-01-24 04:16:44,783 [INFO] DbMcusXml:78 - Set database path to: /opt/st/stm32cubeide_1.14.0/plugins/com.st.stm32cube.common.mx_6.10.0.202311202037//db//mcu/
2024-01-24 04:16:44,783 [INFO] ApiDb:274 - Set plugin database path to: /opt/st/stm32cubeide_1.14.0/plugins/com.st.stm32cube.common.mx_6.10.0.202311202037//db//plugins/boardmanager/
2024-01-24 04:16:44,783 [INFO] ApiDb:261 - Set plugin images path to: /opt/st/stm32cubeide_1.14.0/plugins/com.st.stm32cube.common.mx_6.10.0.202311202037//db//plugins/mcufinder/images/
2024-01-24 04:16:44,783 [WARN] DbFile:41 - Overriding database path with different value: /home/sleman/.stmcufinder/plugins/mcufinder/ => /home/sleman/.stmcufinder/plugins/mcufinder
2024-01-24 04:16:44,784 [INFO] ApiDb:250 - Set database path to: /home/sleman/.stmcufinder/plugins/mcufinder//mcu/
2024-01-24 04:16:44,784 [WARN] DbFile:41 - Overriding database path with different value: /home/sleman/.stmcufinder/plugins/mcufinder/ => /home/sleman/.stmcufinder/plugins/mcufinder
2024-01-24 04:16:44,784 [INFO] DbMcusAds:125 - Set database path to: /home/sleman/.stmcufinder/plugins/mcufinder//mcu/
2024-01-24 04:16:44,784 [WARN] DbFile:41 - Overriding database path with different value: /home/sleman/.stmcufinder/plugins/mcufinder/ => /home/sleman/.stmcufinder/plugins/mcufinder
2024-01-24 04:16:44,784 [WARN] DbFile:41 - Overriding database path with different value: /home/sleman/.stmcufinder/plugins/mcufinder/ => /home/sleman/.stmcufinder/plugins/mcufinder
2024-01-24 04:16:44,784 [INFO] CrossReferenceDbSqlite:203 - Set database path to: /home/sleman/.stmcufinder/plugins/mcufinder//mcu/cs/
2024-01-24 04:16:44,891 [INFO] MainPanel:264 - HeapMemory: 268435456
2024-01-24 04:16:45,029 [INFO] DbMcusXml:78 - Set database path to: /opt/st/stm32cubeide_1.14.0/plugins/com.st.stm32cube.common.mx_6.10.0.202311202037//db//mcu/
2024-01-24 04:16:45,029 [INFO] ApiDb:274 - Set plugin database path to: /opt/st/stm32cubeide_1.14.0/plugins/com.st.stm32cube.common.mx_6.10.0.202311202037//db//plugins/boardmanager/
2024-01-24 04:16:45,029 [INFO] ApiDb:261 - Set plugin images path to: /opt/st/stm32cubeide_1.14.0/plugins/com.st.stm32cube.common.mx_6.10.0.202311202037//db//plugins/mcufinder/images/
2024-01-24 04:16:45,029 [WARN] DbFile:41 - Overriding database path with different value: /home/sleman/.stmcufinder/plugins/mcufinder/ => /home/sleman/.stmcufinder/plugins/mcufinder
2024-01-24 04:16:45,030 [INFO] ApiDb:250 - Set database path to: /home/sleman/.stmcufinder/plugins/mcufinder//mcu/
2024-01-24 04:16:45,030 [WARN] DbFile:41 - Overriding database path with different value: /home/sleman/.stmcufinder/plugins/mcufinder/ => /home/sleman/.stmcufinder/plugins/mcufinder
2024-01-24 04:16:45,030 [INFO] DbMcusAds:125 - Set database path to: /home/sleman/.stmcufinder/plugins/mcufinder//mcu/
2024-01-24 04:16:45,030 [WARN] DbFile:41 - Overriding database path with different value: /home/sleman/.stmcufinder/plugins/mcufinder/ => /home/sleman/.stmcufinder/plugins/mcufinder
2024-01-24 04:16:45,030 [WARN] DbFile:41 - Overriding database path with different value: /home/sleman/.stmcufinder/plugins/mcufinder/ => /home/sleman/.stmcufinder/plugins/mcufinder
2024-01-24 04:16:45,030 [INFO] CrossReferenceDbSqlite:203 - Set database path to: /home/sleman/.stmcufinder/plugins/mcufinder//mcu/cs/
2024-01-24 04:16:45,055 [INFO] ApplicationProperties:184 - Using Application install path: /opt/st/stm32cubeide_1.14.0/plugins/com.st.stm32cube.common.mx_6.10.0.202311202037
2024-01-24 04:16:45,058 [INFO] PluginManage:196 - Search for loadable plugins [exclusion list=, ]
2024-01-24 04:16:45,060 [INFO] PluginManage:310 - Check plugin analytics
2024-01-24 04:16:45,292 [INFO] AnalyticsPlugin:253 - Accepted Software Licenses: 
2024-01-24 04:16:45,293 [INFO] AnalyticsPlugin:255 - Accepted CMSIS Pack Licenses: 
2024-01-24 04:16:45,293 [INFO] AnalyticsPlugin:257 - Accepted Firmware Licenses: 
2024-01-24 04:16:45,298 [INFO] PluginManage:359 - Loaded plugin analytics (category:tool,tabindex:-1)
2024-01-24 04:16:45,298 [INFO] PluginManage:310 - Check plugin cadmodel
2024-01-24 04:16:45,338 [INFO] CADModel:105 - Init CAD model plugin
2024-01-24 04:16:45,338 [INFO] PluginManage:359 - Loaded plugin cadmodel (category:power,tabindex:5)
2024-01-24 04:16:45,339 [INFO] PluginManage:310 - Check plugin clock
2024-01-24 04:16:45,354 [INFO] PluginManage:359 - Loaded plugin clock (category:base,tabindex:2)
2024-01-24 04:16:45,354 [INFO] PluginManage:310 - Check plugin ddr
2024-01-24 04:16:45,358 [INFO] PluginManage:359 - Loaded plugin ddr (category:tool,tabindex:6)
2024-01-24 04:16:45,358 [INFO] PluginManage:310 - Check plugin filemanager
2024-01-24 04:16:45,549 [INFO] PluginManage:359 - Loaded plugin filemanager (category:base,tabindex:10)
2024-01-24 04:16:45,550 [INFO] PluginManage:310 - Check plugin ipmanager
2024-01-24 04:16:45,558 [INFO] PluginManage:359 - Loaded plugin ipmanager (category:base,tabindex:5)
2024-01-24 04:16:45,558 [INFO] PluginManage:310 - Check plugin lpbam
2024-01-24 04:16:45,573 [INFO] PluginManage:359 - Loaded plugin lpbam (category:base,tabindex:0)
2024-01-24 04:16:45,574 [INFO] PluginManage:310 - Check plugin memorymap
2024-01-24 04:16:45,593 [INFO] PluginManage:359 - Loaded plugin memorymap (category:base,tabindex:4)
2024-01-24 04:16:45,594 [INFO] PluginManage:310 - Check plugin pinoutandconfiguration
2024-01-24 04:16:45,606 [INFO] PluginManage:359 - Loaded plugin pinoutandconfiguration (category:base,tabindex:1)
2024-01-24 04:16:45,606 [INFO] PluginManage:310 - Check plugin pinoutconfig
2024-01-24 04:16:45,736 [WARN] SupportedApi:132 - Cannot load RTOS API schema: s4s-elt-must-match.1: The content of 'definitions' must match (annotation?, (simpleType | complexType)?, (unique | key | keyref)*)). A problem was found starting at: attribute.
2024-01-24 04:16:45,908 [INFO] PluginManage:359 - Loaded plugin pinoutconfig (category:base,tabindex:0)
2024-01-24 04:16:45,908 [INFO] PluginManage:310 - Check plugin power
2024-01-24 04:16:45,922 [INFO] PluginManage:359 - Loaded plugin power (category:power,tabindex:4)
2024-01-24 04:16:45,922 [INFO] PluginManage:310 - Check plugin projectmanager
2024-01-24 04:16:45,943 [INFO] PluginManage:359 - Loaded plugin projectmanager (category:projectmanager,tabindex:3)
2024-01-24 04:16:45,943 [INFO] PluginManage:310 - Check plugin thirdparty
2024-01-24 04:16:46,096 [INFO] PluginManage:359 - Loaded plugin thirdparty (category:base,tabindex:-1)
2024-01-24 04:16:46,095 [WARN] IntegrityCheckThread:84 - waiting for thirdparty lock release [integrity check]
2024-01-24 04:16:46,096 [INFO] IntegrityCheckThread:86 - entering critical section [integrity check]
2024-01-24 04:16:46,096 [INFO] PluginManage:310 - Check plugin tools
2024-01-24 04:16:46,096 [INFO] ThirdPartyUpdaterWithRetryManager:70 - Updater plugin not ready yet. [1/15]
2024-01-24 04:16:46,099 [INFO] PluginManage:359 - Loaded plugin tools (category:base,tabindex:7)
2024-01-24 04:16:46,099 [INFO] PluginManage:310 - Check plugin tutovideos
2024-01-24 04:16:46,275 [INFO] PluginManage:359 - Loaded plugin tutovideos (category:base,tabindex:-1)
2024-01-24 04:16:46,275 [INFO] PluginManage:310 - Check plugin updater
2024-01-24 04:16:46,289 [INFO] PluginManage:359 - Loaded plugin updater (category:base,tabindex:12)
2024-01-24 04:16:46,289 [INFO] PluginManage:310 - Check plugin userauth
2024-01-24 04:16:46,295 [INFO] UserAuth:114 - Init User Auth plugin
2024-01-24 04:16:46,295 [INFO] PluginManage:359 - Loaded plugin userauth (category:base,tabindex:14)
2024-01-24 04:16:46,296 [INFO] PluginManage:283 - PluginManage : Loaded plugins [17]
2024-01-24 04:16:46,545 [INFO] PinOutPanel:1499 - setPackage(No Configuration,No Configuration)
2024-01-24 04:16:46,626 [INFO] CADModel:165 - CPN selected for project level
2024-01-24 04:16:46,627 [INFO] CADModel:114 - Register for checkConnection events
2024-01-24 04:16:46,640 [INFO] IPUIPlugin:80 - create IPUIPlugin
2024-01-24 04:16:46,641 [INFO] PluginManager:220 - loadIPPluginJar : add quadspi
2024-01-24 04:16:46,643 [INFO] IPUIPlugin:80 - create IPUIPlugin
2024-01-24 04:16:46,643 [INFO] PluginManager:220 - loadIPPluginJar : add fatfs
2024-01-24 04:16:46,657 [INFO] IPUIPlugin:80 - create IPUIPlugin
2024-01-24 04:16:46,657 [INFO] PluginManager:220 - loadIPPluginJar : add adc
2024-01-24 04:16:46,664 [INFO] IPUIPlugin:80 - create IPUIPlugin
2024-01-24 04:16:46,665 [INFO] PluginManager:220 - loadIPPluginJar : add gpio
2024-01-24 04:16:46,667 [INFO] IPUIPlugin:80 - create IPUIPlugin
2024-01-24 04:16:46,667 [INFO] PluginManager:220 - loadIPPluginJar : add ucpd
2024-01-24 04:16:46,676 [INFO] IPUIPlugin:80 - create IPUIPlugin
2024-01-24 04:16:46,676 [INFO] PluginManager:220 - loadIPPluginJar : add dma
2024-01-24 04:16:46,679 [INFO] IPUIPlugin:80 - create IPUIPlugin
2024-01-24 04:16:46,679 [INFO] PluginManager:220 - loadIPPluginJar : add ts
2024-01-24 04:16:46,683 [INFO] IPUIPlugin:80 - create IPUIPlugin
2024-01-24 04:16:46,683 [INFO] PluginManager:220 - loadIPPluginJar : add usbx
2024-01-24 04:16:46,691 [INFO] IPUIPlugin:80 - create IPUIPlugin
2024-01-24 04:16:46,691 [INFO] PluginManager:220 - loadIPPluginJar : add gic
2024-01-24 04:16:46,694 [INFO] IPUIPlugin:80 - create IPUIPlugin
2024-01-24 04:16:46,695 [INFO] PluginManager:220 - loadIPPluginJar : add gfxmmu
2024-01-24 04:16:46,699 [INFO] IPUIPlugin:80 - create IPUIPlugin
2024-01-24 04:16:46,699 [INFO] PluginManager:220 - loadIPPluginJar : add openamp
2024-01-24 04:16:46,701 [INFO] IPUIPlugin:80 - create IPUIPlugin
2024-01-24 04:16:46,701 [INFO] PluginManager:220 - loadIPPluginJar : add comp
2024-01-24 04:16:46,705 [INFO] IPUIPlugin:80 - create IPUIPlugin
2024-01-24 04:16:46,705 [INFO] PluginManager:220 - loadIPPluginJar : add usart
2024-01-24 04:16:46,708 [INFO] IPUIPlugin:80 - create IPUIPlugin
2024-01-24 04:16:46,708 [INFO] PluginManager:220 - loadIPPluginJar : add hash
2024-01-24 04:16:46,711 [INFO] IPUIPlugin:80 - create IPUIPlugin
2024-01-24 04:16:46,712 [INFO] PluginManager:220 - loadIPPluginJar : add opamp
2024-01-24 04:16:46,714 [INFO] IPUIPlugin:80 - create IPUIPlugin
2024-01-24 04:16:46,714 [INFO] PluginManager:220 - loadIPPluginJar : add tim
2024-01-24 04:16:46,717 [INFO] IPUIPlugin:80 - create IPUIPlugin
2024-01-24 04:16:46,717 [INFO] PluginManager:220 - loadIPPluginJar : add i2s
2024-01-24 04:16:46,720 [INFO] IPUIPlugin:80 - create IPUIPlugin
2024-01-24 04:16:46,720 [INFO] PluginManager:220 - loadIPPluginJar : add dfsdm
2024-01-24 04:16:46,730 [INFO] IPUIPlugin:80 - create IPUIPlugin
2024-01-24 04:16:46,730 [INFO] PluginManager:220 - loadIPPluginJar : add freertos
2024-01-24 04:16:46,734 [INFO] IPUIPlugin:80 - create IPUIPlugin
2024-01-24 04:16:46,734 [INFO] PluginManager:220 - loadIPPluginJar : add pdm2pcm
2024-01-24 04:16:46,740 [INFO] IPUIPlugin:80 - create IPUIPlugin
2024-01-24 04:16:46,740 [INFO] PluginManager:220 - loadIPPluginJar : add nvic
2024-01-24 04:16:46,744 [INFO] IPUIPlugin:80 - create IPUIPlugin
2024-01-24 04:16:46,744 [INFO] PluginManager:220 - loadIPPluginJar : add gtzc
2024-01-24 04:16:46,748 [INFO] IPUIPlugin:80 - create IPUIPlugin
2024-01-24 04:16:46,748 [INFO] PluginManager:220 - loadIPPluginJar : add i2c
2024-01-24 04:16:46,751 [INFO] IPUIPlugin:80 - create IPUIPlugin
2024-01-24 04:16:46,751 [INFO] PluginManager:220 - loadIPPluginJar : add can
2024-01-24 04:16:46,754 [INFO] IPUIPlugin:80 - create IPUIPlugin
2024-01-24 04:16:46,754 [INFO] PluginManager:220 - loadIPPluginJar : add tracer_emb
2024-01-24 04:16:46,762 [INFO] IPUIPlugin:80 - create IPUIPlugin
2024-01-24 04:16:46,766 [INFO] PluginManager:220 - loadIPPluginJar : add plateformsettings
2024-01-24 04:16:46,768 [INFO] IPUIPlugin:80 - create IPUIPlugin
2024-01-24 04:16:46,768 [INFO] PluginManager:220 - loadIPPluginJar : add ltdc
2024-01-24 04:16:46,771 [INFO] IPUIPlugin:80 - create IPUIPlugin
2024-01-24 04:16:46,771 [INFO] PluginManager:220 - loadIPPluginJar : add cryp
2024-01-24 04:16:46,774 [INFO] IPUIPlugin:80 - create IPUIPlugin
2024-01-24 04:16:46,775 [INFO] PluginManager:220 - loadIPPluginJar : add dma3
2024-01-24 04:16:46,779 [INFO] IPUIPlugin:80 - create IPUIPlugin
2024-01-24 04:16:46,779 [INFO] PluginManager:220 - loadIPPluginJar : add touchsensing
2024-01-24 04:16:46,782 [INFO] IPUIPlugin:80 - create IPUIPlugin
2024-01-24 04:16:46,783 [INFO] PluginManager:220 - loadIPPluginJar : add spi
2024-01-24 04:16:46,786 [INFO] IPUIPlugin:80 - create IPUIPlugin
2024-01-24 04:16:46,786 [INFO] PluginManager:220 - loadIPPluginJar : add aes
2024-01-24 04:16:46,788 [INFO] IPUIPlugin:80 - create IPUIPlugin
2024-01-24 04:16:46,788 [INFO] PluginManager:220 - loadIPPluginJar : add tsc
2024-01-24 04:16:46,796 [INFO] IPUIPlugin:80 - create IPUIPlugin
2024-01-24 04:16:46,796 [INFO] PluginManager:220 - loadIPPluginJar : add stm32_wpan
2024-01-24 04:16:46,800 [INFO] IPUIPlugin:80 - create IPUIPlugin
2024-01-24 04:16:46,800 [INFO] PluginManager:220 - loadIPPluginJar : add i3c
2024-01-24 04:16:46,809 [INFO] IPUIPlugin:80 - create IPUIPlugin
2024-01-24 04:16:46,810 [INFO] PluginManager:220 - loadIPPluginJar : add linkedlist
2024-01-24 04:16:46,814 [INFO] IPUIPlugin:80 - create IPUIPlugin
2024-01-24 04:16:46,814 [INFO] PluginManager:220 - loadIPPluginJar : add ipddr
2024-01-24 04:16:46,819 [INFO] IPUIPlugin:80 - create IPUIPlugin
2024-01-24 04:16:46,819 [INFO] PluginManager:220 - loadIPPluginJar : add resmgrutility
2024-01-24 04:16:46,828 [INFO] IPUIPlugin:80 - create IPUIPlugin
2024-01-24 04:16:46,828 [INFO] PluginManager:220 - loadIPPluginJar : add mdma
2024-01-24 04:16:46,830 [INFO] IPUIPlugin:80 - create IPUIPlugin
2024-01-24 04:16:46,831 [INFO] PluginManager:220 - loadIPPluginJar : add genericplugin
2024-01-24 04:16:46,835 [INFO] IPUIPlugin:80 - create IPUIPlugin
2024-01-24 04:16:46,835 [INFO] PluginManager:220 - loadIPPluginJar : add sai
2024-01-24 04:16:46,838 [INFO] IPUIPlugin:80 - create IPUIPlugin
2024-01-24 04:16:46,839 [INFO] PluginManager:220 - loadIPPluginJar : add lorawan
2024-01-24 04:16:46,843 [INFO] IPUIPlugin:80 - create IPUIPlugin
2024-01-24 04:16:46,843 [INFO] PluginManager:220 - loadIPPluginJar : add fmc
2024-01-24 04:16:46,959 [INFO] CADModel:165 - CPN selected for project level
2024-01-24 04:16:46,960 [INFO] CADModel:114 - Register for checkConnection events
2024-01-24 04:16:46,961 [FATAL] Updater:308 - Updater called before beeing initialized
2024-01-24 04:16:46,961 [ERROR] CADModel:125 - Updater not yet initialized, retry later 
2024-01-24 04:16:47,114 [INFO] CADModel:165 - CPN selected for project level
2024-01-24 04:16:47,115 [INFO] CADModel:114 - Register for checkConnection events
2024-01-24 04:16:47,115 [FATAL] Updater:308 - Updater called before beeing initialized
2024-01-24 04:16:47,115 [ERROR] CADModel:125 - Updater not yet initialized, retry later 
2024-01-24 04:16:47,121 [FATAL] Updater:308 - Updater called before beeing initialized
2024-01-24 04:16:47,237 [FATAL] Updater:308 - Updater called before beeing initialized
2024-01-24 04:16:47,244 [INFO] DbMcusAds:53 - JSON generation date=Wed Nov 29 07:52:27 BRT 2023 (1701255147200)
2024-01-24 04:16:47,244 [FATAL] Updater:308 - Updater called before beeing initialized
2024-01-24 04:16:47,291 [WARN] DetailPanel:346 - Failed to get advertising image, set to default
2024-01-24 04:16:47,414 [FATAL] Updater:308 - Updater called before beeing initialized
2024-01-24 04:16:47,416 [FATAL] Updater:308 - Updater called before beeing initialized
2024-01-24 04:16:47,416 [FATAL] Updater:308 - Updater called before beeing initialized
2024-01-24 04:16:47,416 [WARN] DetailPanel:346 - Failed to get advertising image, set to default
2024-01-24 04:16:47,417 [FATAL] Updater:308 - Updater called before beeing initialized
2024-01-24 04:16:47,466 [ERROR] Updater:1120 - MainUpdater not yet initialized. External WinMGr cannot be set.
2024-01-24 04:16:47,469 [INFO] Updater:1056 - Updater Version found : 6.10.0
2024-01-24 04:16:47,504 [INFO] ApplicationProperties:184 - Using Application install path: /opt/st/stm32cubeide_1.14.0/plugins/com.st.stm32cube.common.mx_6.10.0.202311202037
2024-01-24 04:16:48,884 [INFO] MainUpdater:2873 - connection check result : 10
2024-01-24 04:16:48,885 [INFO] MainUpdater:290 - Updater Check For Update Now.
2024-01-24 04:16:48,885 [INFO] MicroXplorer:498 - Change Database Version : DB.6.0.100
2024-01-24 04:16:48,891 [INFO] McuFinderGlobals:63 - Set McuFinder mode to 2 (CubeIDE integrated)
2024-01-24 04:16:48,892 [INFO] UserAuth:180 - activating auth plugin
2024-01-24 04:16:48,900 [INFO] UserAuth:404 - Internet connection configuration mode: 1
2024-01-24 04:16:48,923 [INFO] JxBrowserEngine:152 - Initiate JxBrowser Engine with user profile folder
2024-01-24 04:16:49,098 [INFO] CheckServerUpdateThread:120 - End of CheckServer Thread
2024-01-24 04:16:49,285 [WARN] PackLoader:240 - Cannot read IP mode file for STMicroelectronics.X-CUBE-SMBUS.2.1.0
2024-01-24 04:16:49,297 [WARN] PackLoader:240 - Cannot read IP mode file for STMicroelectronics.X-CUBE-TOUCHGFX.4.23.0
2024-01-24 04:16:49,358 [WARN] PackLoader:240 - Cannot read IP mode file for STMicroelectronics.X-CUBE-AZRTOS-F7.1.1.0
2024-01-24 04:16:49,387 [WARN] PackLoader:240 - Cannot read IP mode file for STMicroelectronics.FP-SNS-MOTENV1.4.3.2
2024-01-24 04:16:49,399 [WARN] PackLoader:240 - Cannot read IP mode file for STMicroelectronics.FP-SNS-FLIGHT1.5.0.2
2024-01-24 04:16:49,413 [WARN] PackLoader:240 - Cannot read IP mode file for STMicroelectronics.X-CUBE-DISPLAY.3.0.0
2024-01-24 04:16:49,435 [WARN] PackLoader:240 - Cannot read IP mode file for STMicroelectronics.X-CUBE-BLE1.7.0.0
2024-01-24 04:16:49,445 [WARN] PackLoader:240 - Cannot read IP mode file for emotas.I-CUBE-CANOPEN.1.3.0
2024-01-24 04:16:49,452 [WARN] PackLoader:240 - Cannot read IP mode file for STMicroelectronics.FP-SNS-SMARTAG2.1.2.0
2024-01-24 04:16:49,467 [INFO] LogOutputStream:77 - [STDOUT_REDIRECT] 1 : Invalid condition id : UX_CORESTACK_Condition cause : null
2024-01-24 04:16:49,469 [INFO] LogOutputStream:77 - [STDOUT_REDIRECT] 1 : Invalid condition id : UX_CORESTACK_Condition cause : null
2024-01-24 04:16:49,469 [INFO] LogOutputStream:77 - [STDOUT_REDIRECT] 1 : Invalid condition id : UX_CORESTACK_Condition cause : null
2024-01-24 04:16:49,470 [INFO] LogOutputStream:77 - [STDOUT_REDIRECT] 1 : Invalid condition id : UX_CORESTACK_Condition cause : null
2024-01-24 04:16:49,471 [INFO] LogOutputStream:77 - [STDOUT_REDIRECT] 1 : Invalid condition id : UX_CORESTACK_Condition cause : null
2024-01-24 04:16:49,479 [WARN] PackLoader:240 - Cannot read IP mode file for STMicroelectronics.X-CUBE-AZRTOS-WL.2.0.0
2024-01-24 04:16:49,492 [WARN] PackLoader:240 - Cannot read IP mode file for WES.I-CUBE-Cesium.1.3.0
2024-01-24 04:16:49,501 [WARN] PackLoader:240 - Cannot read IP mode file for STMicroelectronics.X-CUBE-BLE2.3.3.0
2024-01-24 04:16:49,513 [WARN] PackLoader:240 - Cannot read IP mode file for STMicroelectronics.X-CUBE-ALGOBUILD.1.3.0
2024-01-24 04:16:49,541 [WARN] PackLoader:240 - Cannot read IP mode file for STMicroelectronics.X-CUBE-AZRTOS-G0.1.1.0
2024-01-24 04:16:49,556 [WARN] PackLoader:240 - Cannot read IP mode file for STMicroelectronics.X-CUBE-NFC4.3.0.0
2024-01-24 04:16:49,577 [WARN] PackLoader:240 - Cannot read IP mode file for STMicroelectronics.X-CUBE-BLEMGR.3.0.0
2024-01-24 04:16:49,587 [WARN] PackLoader:240 - Cannot read IP mode file for STMicroelectronics.FP-ATR-SIGFOX1.3.2.0
2024-01-24 04:16:49,637 [WARN] PackLoader:240 - Cannot read IP mode file for SEGGER.I-CUBE-embOS.1.3.1
2024-01-24 04:16:49,740 [WARN] PackLoader:240 - Cannot read IP mode file for STMicroelectronics.X-CUBE-GNSS1.6.0.0
2024-01-24 04:16:49,773 [WARN] PackLoader:240 - Cannot read IP mode file for STMicroelectronics.X-CUBE-AZRTOS-F4.1.1.0
2024-01-24 04:16:49,785 [WARN] PackLoader:240 - Cannot read IP mode file for wolfSSL.I-CUBE-wolfSSL.5.6.6
2024-01-24 04:16:49,814 [WARN] PackLoader:240 - Cannot read IP mode file for STMicroelectronics.X-CUBE-AZRTOS-L5.2.0.0
2024-01-24 04:16:49,828 [WARN] PackLoader:240 - Cannot read IP mode file for STMicroelectronics.X-CUBE-EEPRMA1.4.2.0
2024-01-24 04:16:49,837 [WARN] PackLoader:240 - Cannot read IP mode file for ITTIA_DB.I-CUBE-ITTIADB.8.8.0
2024-01-24 04:16:49,846 [WARN] PackLoader:240 - Cannot read IP mode file for STMicroelectronics.X-CUBE-NFC7.1.0.1
2024-01-24 04:16:49,857 [WARN] PackLoader:240 - Cannot read IP mode file for STMicroelectronics.X-CUBE-NFC6.3.0.0
2024-01-24 04:16:49,865 [WARN] PackLoader:240 - Cannot read IP mode file for STMicroelectronics.X-CUBE-AI.8.1.0
2024-01-24 04:16:49,894 [WARN] ConditionMgr:438 - getConditionDescription Invalid condition id : LAN8742 Phy interface Condition cause : null
2024-01-24 04:16:49,895 [WARN] PackLoader:240 - Cannot read IP mode file for STMicroelectronics.X-CUBE-AZRTOS-L4.2.0.0
2024-01-24 04:16:49,899 [WARN] ConditionMgr:1039 - genDependencies : Invalid condition id : LAN8742 Phy interface Condition cause : null
2024-01-24 04:16:49,899 [WARN] ConditionMgr:1039 - genDependencies : Invalid condition id : LAN8742 Phy interface Condition cause : null
2024-01-24 04:16:49,900 [WARN] ConditionMgr:1039 - genDependencies : Invalid condition id : LAN8742 Phy interface Condition cause : null
2024-01-24 04:16:49,911 [WARN] PackLoader:240 - Cannot read IP mode file for STMicroelectronics.X-CUBE-SFXS2LP1.4.0.0
2024-01-24 04:16:49,938 [WARN] ConditionMgr:438 - getConditionDescription Invalid condition id : UX DEVICE CLASS RTOS Condition cause : null
2024-01-24 04:16:49,939 [WARN] ConditionMgr:438 - getConditionDescription Invalid condition id : UX DEVICE CLASS RTOS Condition cause : null
2024-01-24 04:16:49,942 [WARN] PackLoader:240 - Cannot read IP mode file for STMicroelectronics.X-CUBE-AZRTOS-WB.2.0.0
2024-01-24 04:16:49,943 [WARN] ConditionMgr:1039 - genDependencies : Invalid condition id : UX DEVICE CLASS RTOS Condition cause : null
2024-01-24 04:16:49,943 [WARN] ConditionMgr:1039 - genDependencies : Invalid condition id : UX DEVICE CLASS RTOS Condition cause : null
2024-01-24 04:16:49,944 [WARN] ConditionMgr:1039 - genDependencies : Invalid condition id : UX DEVICE CLASS RTOS Condition cause : null
2024-01-24 04:16:49,945 [WARN] ConditionMgr:1039 - genDependencies : Invalid condition id : UX DEVICE CLASS RTOS Condition cause : null
2024-01-24 04:16:49,945 [WARN] ConditionMgr:1039 - genDependencies : Invalid condition id : UX DEVICE CLASS RTOS Condition cause : null
2024-01-24 04:16:49,960 [WARN] PackLoader:240 - Cannot read IP mode file for STMicroelectronics.X-CUBE-SUBG2.5.0.0
2024-01-24 04:16:49,997 [WARN] PackLoader:240 - Cannot read IP mode file for STMicroelectronics.X-CUBE-AZRTOS-G4.2.0.0
2024-01-24 04:16:50,020 [WARN] PackLoader:240 - Cannot read IP mode file for Infineon.AIROC-Wi-Fi-Bluetooth-STM32.1.5.1
2024-01-24 04:16:50,037 [WARN] PackLoader:240 - Cannot read IP mode file for STMicroelectronics.FP-SNS-MOTENVWB1.1.3.1
2024-01-24 04:16:50,044 [WARN] PackLoader:240 - Cannot read IP mode file for STMicroelectronics.X-CUBE-ISPU.2.0.0
2024-01-24 04:16:50,127 [WARN] PackLoader:240 - Cannot read IP mode file for STMicroelectronics.X-CUBE-MEMS1.10.0.0
2024-01-24 04:16:50,514 [WARN] PackLoader:240 - Cannot read IP mode file for STMicroelectronics.X-CUBE-FREERTOS.1.1.0
2024-01-24 04:16:50,539 [WARN] PackLoader:240 - Cannot read IP mode file for portGmbH.I-Cube-SoM-uGOAL.1.1.0
2024-01-24 04:16:50,550 [WARN] PackLoader:240 - Cannot read IP mode file for STMicroelectronics.X-CUBE-ALS.1.0.1
2024-01-24 04:16:50,558 [WARN] PackLoader:240 - Cannot read IP mode file for STMicroelectronics.FP-ATR-ASTRA1.2.0.0
2024-01-24 04:16:50,576 [WARN] PackLoader:240 - Cannot read IP mode file for STMicroelectronics.X-CUBE-TOF1.3.4.0
2024-01-24 04:16:50,659 [WARN] PackLoader:240 - Cannot read IP mode file for STMicroelectronics.X-CUBE-AZRTOS-H7.3.2.0
2024-01-24 04:16:50,676 [INFO] ThirdParty:978 - Integrity check success = true
2024-01-24 04:16:50,676 [INFO] IntegrityCheckThread:100 - exiting critical section [integrity check]
2024-01-24 04:16:50,676 [INFO] IntegrityCheckThread:103 - End integrity checks thread
2024-01-24 04:16:50,836 [INFO] WebApp:161 - Instantiating new browser for Auth
2024-01-24 04:16:51,853 [INFO] WebApp:780 - Register for checkConnection events
2024-01-24 04:16:51,854 [INFO] WebApp:414 - Apply proxy settings
2024-01-24 04:16:51,854 [INFO] WebApp:499 - Chromium requires no authentication
2024-01-24 04:16:51,860 [INFO] WebApp:442 - Direct internet connection detected
2024-01-24 04:16:52,027 [INFO] WebApp:192 - Starting web application
2024-01-24 04:16:52,027 [INFO] WebApp:544 - Web application path used /opt/st/stm32cubeide_1.14.0/plugins/com.st.stm32cube.common.mx_6.10.0.202311202037/db/plugins/mcufinder/reactClient1/index.html
2024-01-24 04:17:12,554 [ERROR] LogOutputStream:75 - [STDERR_REDIRECT] SLF4J: Failed to load class "org.slf4j.impl.StaticLoggerBinder".
2024-01-24 04:17:12,555 [ERROR] LogOutputStream:75 - [STDERR_REDIRECT] SLF4J: Defaulting to no-operation (NOP) logger implementation
2024-01-24 04:17:12,555 [ERROR] LogOutputStream:75 - [STDERR_REDIRECT] SLF4J: See http://www.slf4j.org/codes.html#StaticLoggerBinder for further details.
2024-01-24 05:19:29,391 [ERROR] LogOutputStream:75 - [STDERR_REDIRECT] 
