2024-01-20 16:55:23,318 [INFO] Activator:176 - 


2024-01-20 16:55:23,320 [INFO] Activator:177 - !SESSION log4j initialized
2024-01-20 16:55:25,236 [INFO] LogOutputStream:77 - [STDOUT_REDIRECT] 
2024-01-20 16:55:28,141 [INFO] ApplicationProperties:184 - Using Application install path: /opt/st/stm32cubeide_1.14.0/plugins/com.st.stm32cube.common.mx_6.10.0.202311202037
2024-01-20 16:55:28,162 [INFO] DbMcusXml:78 - Set database path to: /opt/st/stm32cubeide_1.14.0/plugins/com.st.stm32cube.common.mx_6.10.0.202311202037//db//mcu/
2024-01-20 16:55:28,163 [INFO] ApiDb:274 - Set plugin database path to: /opt/st/stm32cubeide_1.14.0/plugins/com.st.stm32cube.common.mx_6.10.0.202311202037//db//plugins/boardmanager/
2024-01-20 16:55:28,163 [WARN] ApiDb:259 - Overriding images path with different value:  => /opt/st/stm32cubeide_1.14.0/plugins/com.st.stm32cube.common.mx_6.10.0.202311202037//db//plugins/mcufinder/images/
2024-01-20 16:55:28,170 [INFO] ApiDb:250 - Set database path to: /home/sleman/.stmcufinder/plugins/mcufinder//mcu/
2024-01-20 16:55:28,172 [INFO] DbMcusAds:125 - Set database path to: /home/sleman/.stmcufinder/plugins/mcufinder//mcu/
2024-01-20 16:55:28,175 [INFO] CrossReferenceDbSqlite:203 - Set database path to: /home/sleman/.stmcufinder/plugins/mcufinder//mcu/cs/
2024-01-20 16:55:28,349 [INFO] RulesReader:64 - Compatibility file has been processed (297 Rules)
2024-01-20 16:55:28,437 [INFO] DbMcusXml:78 - Set database path to: /opt/st/stm32cubeide_1.14.0/plugins/com.st.stm32cube.common.mx_6.10.0.202311202037//db//mcu/
2024-01-20 16:55:28,438 [INFO] ApiDb:274 - Set plugin database path to: /opt/st/stm32cubeide_1.14.0/plugins/com.st.stm32cube.common.mx_6.10.0.202311202037//db//plugins/boardmanager/
2024-01-20 16:55:28,438 [INFO] ApiDb:261 - Set plugin images path to: /opt/st/stm32cubeide_1.14.0/plugins/com.st.stm32cube.common.mx_6.10.0.202311202037//db//plugins/mcufinder/images/
2024-01-20 16:55:28,439 [WARN] DbFile:41 - Overriding database path with different value: /home/sleman/.stmcufinder/plugins/mcufinder/ => /home/sleman/.stmcufinder/plugins/mcufinder
2024-01-20 16:55:28,439 [INFO] ApiDb:250 - Set database path to: /home/sleman/.stmcufinder/plugins/mcufinder//mcu/
2024-01-20 16:55:28,439 [WARN] DbFile:41 - Overriding database path with different value: /home/sleman/.stmcufinder/plugins/mcufinder/ => /home/sleman/.stmcufinder/plugins/mcufinder
2024-01-20 16:55:28,440 [INFO] DbMcusAds:125 - Set database path to: /home/sleman/.stmcufinder/plugins/mcufinder//mcu/
2024-01-20 16:55:28,440 [WARN] DbFile:41 - Overriding database path with different value: /home/sleman/.stmcufinder/plugins/mcufinder/ => /home/sleman/.stmcufinder/plugins/mcufinder
2024-01-20 16:55:28,440 [WARN] DbFile:41 - Overriding database path with different value: /home/sleman/.stmcufinder/plugins/mcufinder/ => /home/sleman/.stmcufinder/plugins/mcufinder
2024-01-20 16:55:28,440 [INFO] CrossReferenceDbSqlite:203 - Set database path to: /home/sleman/.stmcufinder/plugins/mcufinder//mcu/cs/
2024-01-20 16:55:28,530 [INFO] MainPanel:264 - HeapMemory: 268435456
2024-01-20 16:55:28,627 [INFO] DbMcusXml:78 - Set database path to: /opt/st/stm32cubeide_1.14.0/plugins/com.st.stm32cube.common.mx_6.10.0.202311202037//db//mcu/
2024-01-20 16:55:28,628 [INFO] ApiDb:274 - Set plugin database path to: /opt/st/stm32cubeide_1.14.0/plugins/com.st.stm32cube.common.mx_6.10.0.202311202037//db//plugins/boardmanager/
2024-01-20 16:55:28,628 [INFO] ApiDb:261 - Set plugin images path to: /opt/st/stm32cubeide_1.14.0/plugins/com.st.stm32cube.common.mx_6.10.0.202311202037//db//plugins/mcufinder/images/
2024-01-20 16:55:28,628 [WARN] DbFile:41 - Overriding database path with different value: /home/sleman/.stmcufinder/plugins/mcufinder/ => /home/sleman/.stmcufinder/plugins/mcufinder
2024-01-20 16:55:28,629 [INFO] ApiDb:250 - Set database path to: /home/sleman/.stmcufinder/plugins/mcufinder//mcu/
2024-01-20 16:55:28,629 [WARN] DbFile:41 - Overriding database path with different value: /home/sleman/.stmcufinder/plugins/mcufinder/ => /home/sleman/.stmcufinder/plugins/mcufinder
2024-01-20 16:55:28,629 [INFO] DbMcusAds:125 - Set database path to: /home/sleman/.stmcufinder/plugins/mcufinder//mcu/
2024-01-20 16:55:28,629 [WARN] DbFile:41 - Overriding database path with different value: /home/sleman/.stmcufinder/plugins/mcufinder/ => /home/sleman/.stmcufinder/plugins/mcufinder
2024-01-20 16:55:28,629 [WARN] DbFile:41 - Overriding database path with different value: /home/sleman/.stmcufinder/plugins/mcufinder/ => /home/sleman/.stmcufinder/plugins/mcufinder
2024-01-20 16:55:28,629 [INFO] CrossReferenceDbSqlite:203 - Set database path to: /home/sleman/.stmcufinder/plugins/mcufinder//mcu/cs/
2024-01-20 16:55:28,651 [INFO] ApplicationProperties:184 - Using Application install path: /opt/st/stm32cubeide_1.14.0/plugins/com.st.stm32cube.common.mx_6.10.0.202311202037
2024-01-20 16:55:28,653 [INFO] PluginManage:196 - Search for loadable plugins [exclusion list=, ]
2024-01-20 16:55:28,654 [INFO] PluginManage:310 - Check plugin analytics
2024-01-20 16:55:28,885 [INFO] AnalyticsPlugin:253 - Accepted Software Licenses: 
2024-01-20 16:55:28,886 [INFO] AnalyticsPlugin:255 - Accepted CMSIS Pack Licenses: 
2024-01-20 16:55:28,886 [INFO] AnalyticsPlugin:257 - Accepted Firmware Licenses: 
2024-01-20 16:55:28,892 [INFO] PluginManage:359 - Loaded plugin analytics (category:tool,tabindex:-1)
2024-01-20 16:55:28,893 [INFO] PluginManage:310 - Check plugin cadmodel
2024-01-20 16:55:28,919 [INFO] CADModel:105 - Init CAD model plugin
2024-01-20 16:55:28,919 [INFO] PluginManage:359 - Loaded plugin cadmodel (category:power,tabindex:5)
2024-01-20 16:55:28,919 [INFO] PluginManage:310 - Check plugin clock
2024-01-20 16:55:28,930 [INFO] PluginManage:359 - Loaded plugin clock (category:base,tabindex:2)
2024-01-20 16:55:28,930 [INFO] PluginManage:310 - Check plugin ddr
2024-01-20 16:55:28,933 [INFO] PluginManage:359 - Loaded plugin ddr (category:tool,tabindex:6)
2024-01-20 16:55:28,933 [INFO] PluginManage:310 - Check plugin filemanager
2024-01-20 16:55:29,104 [INFO] PluginManage:359 - Loaded plugin filemanager (category:base,tabindex:10)
2024-01-20 16:55:29,104 [INFO] PluginManage:310 - Check plugin ipmanager
2024-01-20 16:55:29,111 [INFO] PluginManage:359 - Loaded plugin ipmanager (category:base,tabindex:5)
2024-01-20 16:55:29,111 [INFO] PluginManage:310 - Check plugin lpbam
2024-01-20 16:55:29,123 [INFO] PluginManage:359 - Loaded plugin lpbam (category:base,tabindex:0)
2024-01-20 16:55:29,124 [INFO] PluginManage:310 - Check plugin memorymap
2024-01-20 16:55:29,136 [INFO] PluginManage:359 - Loaded plugin memorymap (category:base,tabindex:4)
2024-01-20 16:55:29,136 [INFO] PluginManage:310 - Check plugin pinoutandconfiguration
2024-01-20 16:55:29,144 [INFO] PluginManage:359 - Loaded plugin pinoutandconfiguration (category:base,tabindex:1)
2024-01-20 16:55:29,144 [INFO] PluginManage:310 - Check plugin pinoutconfig
2024-01-20 16:55:29,243 [WARN] SupportedApi:132 - Cannot load RTOS API schema: s4s-elt-must-match.1: The content of 'definitions' must match (annotation?, (simpleType | complexType)?, (unique | key | keyref)*)). A problem was found starting at: attribute.
2024-01-20 16:55:29,423 [INFO] PluginManage:359 - Loaded plugin pinoutconfig (category:base,tabindex:0)
2024-01-20 16:55:29,424 [INFO] PluginManage:310 - Check plugin power
2024-01-20 16:55:29,435 [INFO] PluginManage:359 - Loaded plugin power (category:power,tabindex:4)
2024-01-20 16:55:29,436 [INFO] PluginManage:310 - Check plugin projectmanager
2024-01-20 16:55:29,462 [INFO] PluginManage:359 - Loaded plugin projectmanager (category:projectmanager,tabindex:3)
2024-01-20 16:55:29,463 [INFO] PluginManage:310 - Check plugin thirdparty
2024-01-20 16:55:29,650 [INFO] PluginManage:359 - Loaded plugin thirdparty (category:base,tabindex:-1)
2024-01-20 16:55:29,650 [WARN] IntegrityCheckThread:84 - waiting for thirdparty lock release [integrity check]
2024-01-20 16:55:29,650 [INFO] PluginManage:310 - Check plugin tools
2024-01-20 16:55:29,650 [INFO] IntegrityCheckThread:86 - entering critical section [integrity check]
2024-01-20 16:55:29,651 [INFO] ThirdPartyUpdaterWithRetryManager:70 - Updater plugin not ready yet. [1/15]
2024-01-20 16:55:29,654 [INFO] PluginManage:359 - Loaded plugin tools (category:base,tabindex:7)
2024-01-20 16:55:29,654 [INFO] PluginManage:310 - Check plugin tutovideos
2024-01-20 16:55:29,858 [INFO] PluginManage:359 - Loaded plugin tutovideos (category:base,tabindex:-1)
2024-01-20 16:55:29,858 [INFO] PluginManage:310 - Check plugin updater
2024-01-20 16:55:29,871 [INFO] PluginManage:359 - Loaded plugin updater (category:base,tabindex:12)
2024-01-20 16:55:29,872 [INFO] PluginManage:310 - Check plugin userauth
2024-01-20 16:55:29,878 [INFO] UserAuth:114 - Init User Auth plugin
2024-01-20 16:55:29,878 [INFO] PluginManage:359 - Loaded plugin userauth (category:base,tabindex:14)
2024-01-20 16:55:29,879 [INFO] PluginManage:283 - PluginManage : Loaded plugins [17]
2024-01-20 16:55:30,125 [INFO] PinOutPanel:1499 - setPackage(No Configuration,No Configuration)
2024-01-20 16:55:30,219 [INFO] CADModel:165 - CPN selected for project level
2024-01-20 16:55:30,219 [INFO] CADModel:114 - Register for checkConnection events
2024-01-20 16:55:30,233 [INFO] IPUIPlugin:80 - create IPUIPlugin
2024-01-20 16:55:30,234 [INFO] PluginManager:220 - loadIPPluginJar : add quadspi
2024-01-20 16:55:30,237 [INFO] IPUIPlugin:80 - create IPUIPlugin
2024-01-20 16:55:30,237 [INFO] PluginManager:220 - loadIPPluginJar : add fatfs
2024-01-20 16:55:30,252 [INFO] IPUIPlugin:80 - create IPUIPlugin
2024-01-20 16:55:30,252 [INFO] PluginManager:220 - loadIPPluginJar : add adc
2024-01-20 16:55:30,258 [INFO] IPUIPlugin:80 - create IPUIPlugin
2024-01-20 16:55:30,259 [INFO] PluginManager:220 - loadIPPluginJar : add gpio
2024-01-20 16:55:30,262 [INFO] IPUIPlugin:80 - create IPUIPlugin
2024-01-20 16:55:30,263 [INFO] PluginManager:220 - loadIPPluginJar : add ucpd
2024-01-20 16:55:30,272 [INFO] IPUIPlugin:80 - create IPUIPlugin
2024-01-20 16:55:30,273 [INFO] PluginManager:220 - loadIPPluginJar : add dma
2024-01-20 16:55:30,276 [INFO] IPUIPlugin:80 - create IPUIPlugin
2024-01-20 16:55:30,276 [INFO] PluginManager:220 - loadIPPluginJar : add ts
2024-01-20 16:55:30,281 [INFO] IPUIPlugin:80 - create IPUIPlugin
2024-01-20 16:55:30,281 [INFO] PluginManager:220 - loadIPPluginJar : add usbx
2024-01-20 16:55:30,289 [INFO] IPUIPlugin:80 - create IPUIPlugin
2024-01-20 16:55:30,290 [INFO] PluginManager:220 - loadIPPluginJar : add gic
2024-01-20 16:55:30,293 [INFO] IPUIPlugin:80 - create IPUIPlugin
2024-01-20 16:55:30,293 [INFO] PluginManager:220 - loadIPPluginJar : add gfxmmu
2024-01-20 16:55:30,297 [INFO] IPUIPlugin:80 - create IPUIPlugin
2024-01-20 16:55:30,297 [INFO] PluginManager:220 - loadIPPluginJar : add openamp
2024-01-20 16:55:30,299 [INFO] IPUIPlugin:80 - create IPUIPlugin
2024-01-20 16:55:30,300 [INFO] PluginManager:220 - loadIPPluginJar : add comp
2024-01-20 16:55:30,304 [INFO] IPUIPlugin:80 - create IPUIPlugin
2024-01-20 16:55:30,304 [INFO] PluginManager:220 - loadIPPluginJar : add usart
2024-01-20 16:55:30,308 [INFO] IPUIPlugin:80 - create IPUIPlugin
2024-01-20 16:55:30,308 [INFO] PluginManager:220 - loadIPPluginJar : add hash
2024-01-20 16:55:30,313 [INFO] IPUIPlugin:80 - create IPUIPlugin
2024-01-20 16:55:30,313 [INFO] PluginManager:220 - loadIPPluginJar : add opamp
2024-01-20 16:55:30,316 [INFO] IPUIPlugin:80 - create IPUIPlugin
2024-01-20 16:55:30,316 [INFO] PluginManager:220 - loadIPPluginJar : add tim
2024-01-20 16:55:30,320 [INFO] IPUIPlugin:80 - create IPUIPlugin
2024-01-20 16:55:30,321 [INFO] PluginManager:220 - loadIPPluginJar : add i2s
2024-01-20 16:55:30,325 [INFO] IPUIPlugin:80 - create IPUIPlugin
2024-01-20 16:55:30,326 [INFO] PluginManager:220 - loadIPPluginJar : add dfsdm
2024-01-20 16:55:30,333 [INFO] IPUIPlugin:80 - create IPUIPlugin
2024-01-20 16:55:30,333 [INFO] PluginManager:220 - loadIPPluginJar : add freertos
2024-01-20 16:55:30,374 [INFO] IPUIPlugin:80 - create IPUIPlugin
2024-01-20 16:55:30,375 [INFO] PluginManager:220 - loadIPPluginJar : add pdm2pcm
2024-01-20 16:55:30,381 [INFO] IPUIPlugin:80 - create IPUIPlugin
2024-01-20 16:55:30,381 [INFO] PluginManager:220 - loadIPPluginJar : add nvic
2024-01-20 16:55:30,385 [INFO] IPUIPlugin:80 - create IPUIPlugin
2024-01-20 16:55:30,385 [INFO] PluginManager:220 - loadIPPluginJar : add gtzc
2024-01-20 16:55:30,389 [INFO] IPUIPlugin:80 - create IPUIPlugin
2024-01-20 16:55:30,390 [INFO] PluginManager:220 - loadIPPluginJar : add i2c
2024-01-20 16:55:30,394 [INFO] IPUIPlugin:80 - create IPUIPlugin
2024-01-20 16:55:30,394 [INFO] PluginManager:220 - loadIPPluginJar : add can
2024-01-20 16:55:30,397 [INFO] IPUIPlugin:80 - create IPUIPlugin
2024-01-20 16:55:30,397 [INFO] PluginManager:220 - loadIPPluginJar : add tracer_emb
2024-01-20 16:55:30,419 [INFO] IPUIPlugin:80 - create IPUIPlugin
2024-01-20 16:55:30,425 [INFO] PluginManager:220 - loadIPPluginJar : add plateformsettings
2024-01-20 16:55:30,426 [INFO] IPUIPlugin:80 - create IPUIPlugin
2024-01-20 16:55:30,427 [INFO] PluginManager:220 - loadIPPluginJar : add ltdc
2024-01-20 16:55:30,430 [INFO] IPUIPlugin:80 - create IPUIPlugin
2024-01-20 16:55:30,430 [INFO] PluginManager:220 - loadIPPluginJar : add cryp
2024-01-20 16:55:30,433 [INFO] IPUIPlugin:80 - create IPUIPlugin
2024-01-20 16:55:30,434 [INFO] PluginManager:220 - loadIPPluginJar : add dma3
2024-01-20 16:55:30,438 [INFO] IPUIPlugin:80 - create IPUIPlugin
2024-01-20 16:55:30,438 [INFO] PluginManager:220 - loadIPPluginJar : add touchsensing
2024-01-20 16:55:30,443 [INFO] IPUIPlugin:80 - create IPUIPlugin
2024-01-20 16:55:30,443 [INFO] PluginManager:220 - loadIPPluginJar : add spi
2024-01-20 16:55:30,446 [INFO] IPUIPlugin:80 - create IPUIPlugin
2024-01-20 16:55:30,447 [INFO] PluginManager:220 - loadIPPluginJar : add aes
2024-01-20 16:55:30,449 [INFO] IPUIPlugin:80 - create IPUIPlugin
2024-01-20 16:55:30,449 [INFO] PluginManager:220 - loadIPPluginJar : add tsc
2024-01-20 16:55:30,456 [INFO] IPUIPlugin:80 - create IPUIPlugin
2024-01-20 16:55:30,456 [INFO] PluginManager:220 - loadIPPluginJar : add stm32_wpan
2024-01-20 16:55:30,461 [INFO] IPUIPlugin:80 - create IPUIPlugin
2024-01-20 16:55:30,461 [INFO] PluginManager:220 - loadIPPluginJar : add i3c
2024-01-20 16:55:30,469 [INFO] IPUIPlugin:80 - create IPUIPlugin
2024-01-20 16:55:30,470 [INFO] PluginManager:220 - loadIPPluginJar : add linkedlist
2024-01-20 16:55:30,475 [INFO] IPUIPlugin:80 - create IPUIPlugin
2024-01-20 16:55:30,475 [INFO] PluginManager:220 - loadIPPluginJar : add ipddr
2024-01-20 16:55:30,479 [INFO] IPUIPlugin:80 - create IPUIPlugin
2024-01-20 16:55:30,480 [INFO] PluginManager:220 - loadIPPluginJar : add resmgrutility
2024-01-20 16:55:30,487 [INFO] IPUIPlugin:80 - create IPUIPlugin
2024-01-20 16:55:30,487 [INFO] PluginManager:220 - loadIPPluginJar : add mdma
2024-01-20 16:55:30,489 [INFO] IPUIPlugin:80 - create IPUIPlugin
2024-01-20 16:55:30,490 [INFO] PluginManager:220 - loadIPPluginJar : add genericplugin
2024-01-20 16:55:30,494 [INFO] IPUIPlugin:80 - create IPUIPlugin
2024-01-20 16:55:30,494 [INFO] PluginManager:220 - loadIPPluginJar : add sai
2024-01-20 16:55:30,497 [INFO] IPUIPlugin:80 - create IPUIPlugin
2024-01-20 16:55:30,497 [INFO] PluginManager:220 - loadIPPluginJar : add lorawan
2024-01-20 16:55:30,502 [INFO] IPUIPlugin:80 - create IPUIPlugin
2024-01-20 16:55:30,503 [INFO] PluginManager:220 - loadIPPluginJar : add fmc
2024-01-20 16:55:30,623 [INFO] CADModel:165 - CPN selected for project level
2024-01-20 16:55:30,623 [INFO] CADModel:114 - Register for checkConnection events
2024-01-20 16:55:30,624 [FATAL] Updater:308 - Updater called before beeing initialized
2024-01-20 16:55:30,624 [ERROR] CADModel:125 - Updater not yet initialized, retry later 
2024-01-20 16:55:30,774 [INFO] CADModel:165 - CPN selected for project level
2024-01-20 16:55:30,774 [INFO] CADModel:114 - Register for checkConnection events
2024-01-20 16:55:30,774 [FATAL] Updater:308 - Updater called before beeing initialized
2024-01-20 16:55:30,774 [ERROR] CADModel:125 - Updater not yet initialized, retry later 
2024-01-20 16:55:30,778 [FATAL] Updater:308 - Updater called before beeing initialized
2024-01-20 16:55:30,886 [FATAL] Updater:308 - Updater called before beeing initialized
2024-01-20 16:55:30,891 [INFO] DbMcusAds:53 - JSON generation date=Wed Nov 29 07:52:27 BRT 2023 (1701255147200)
2024-01-20 16:55:30,891 [FATAL] Updater:308 - Updater called before beeing initialized
2024-01-20 16:55:30,934 [WARN] DetailPanel:346 - Failed to get advertising image, set to default
2024-01-20 16:55:31,032 [FATAL] Updater:308 - Updater called before beeing initialized
2024-01-20 16:55:31,033 [FATAL] Updater:308 - Updater called before beeing initialized
2024-01-20 16:55:31,033 [FATAL] Updater:308 - Updater called before beeing initialized
2024-01-20 16:55:31,034 [WARN] DetailPanel:346 - Failed to get advertising image, set to default
2024-01-20 16:55:31,035 [FATAL] Updater:308 - Updater called before beeing initialized
2024-01-20 16:55:31,077 [ERROR] Updater:1120 - MainUpdater not yet initialized. External WinMGr cannot be set.
2024-01-20 16:55:31,080 [INFO] Updater:1056 - Updater Version found : 6.10.0
2024-01-20 16:55:31,105 [INFO] ApplicationProperties:184 - Using Application install path: /opt/st/stm32cubeide_1.14.0/plugins/com.st.stm32cube.common.mx_6.10.0.202311202037
2024-01-20 16:55:31,480 [INFO] MainUpdater:2873 - connection check result : 10
2024-01-20 16:55:31,481 [INFO] MainUpdater:290 - Updater Check For Update Now.
2024-01-20 16:55:31,482 [INFO] MicroXplorer:498 - Change Database Version : DB.6.0.100
2024-01-20 16:55:31,492 [INFO] McuFinderGlobals:63 - Set McuFinder mode to 2 (CubeIDE integrated)
2024-01-20 16:55:31,493 [INFO] UserAuth:180 - activating auth plugin
2024-01-20 16:55:31,500 [INFO] UserAuth:404 - Internet connection configuration mode: 1
2024-01-20 16:55:31,521 [INFO] JxBrowserEngine:152 - Initiate JxBrowser Engine with user profile folder
2024-01-20 16:55:31,707 [INFO] CheckServerUpdateThread:120 - End of CheckServer Thread
2024-01-20 16:55:32,254 [INFO] WebApp:161 - Instantiating new browser for Auth
2024-01-20 16:55:32,810 [WARN] PackLoader:240 - Cannot read IP mode file for STMicroelectronics.X-CUBE-SMBUS.2.1.0
2024-01-20 16:55:32,819 [WARN] PackLoader:240 - Cannot read IP mode file for STMicroelectronics.X-CUBE-TOUCHGFX.4.23.0
2024-01-20 16:55:32,894 [WARN] PackLoader:240 - Cannot read IP mode file for STMicroelectronics.X-CUBE-AZRTOS-F7.1.1.0
2024-01-20 16:55:32,922 [WARN] PackLoader:240 - Cannot read IP mode file for STMicroelectronics.FP-SNS-MOTENV1.4.3.2
2024-01-20 16:55:32,935 [WARN] PackLoader:240 - Cannot read IP mode file for STMicroelectronics.FP-SNS-FLIGHT1.5.0.2
2024-01-20 16:55:32,952 [WARN] PackLoader:240 - Cannot read IP mode file for STMicroelectronics.X-CUBE-DISPLAY.3.0.0
2024-01-20 16:55:32,975 [WARN] PackLoader:240 - Cannot read IP mode file for STMicroelectronics.X-CUBE-BLE1.7.0.0
2024-01-20 16:55:32,984 [WARN] PackLoader:240 - Cannot read IP mode file for emotas.I-CUBE-CANOPEN.1.3.0
2024-01-20 16:55:32,993 [WARN] PackLoader:240 - Cannot read IP mode file for STMicroelectronics.FP-SNS-SMARTAG2.1.2.0
2024-01-20 16:55:33,020 [INFO] LogOutputStream:77 - [STDOUT_REDIRECT] 1 : Invalid condition id : UX_CORESTACK_Condition cause : null
2024-01-20 16:55:33,021 [INFO] LogOutputStream:77 - [STDOUT_REDIRECT] 1 : Invalid condition id : UX_CORESTACK_Condition cause : null
2024-01-20 16:55:33,022 [INFO] LogOutputStream:77 - [STDOUT_REDIRECT] 1 : Invalid condition id : UX_CORESTACK_Condition cause : null
2024-01-20 16:55:33,023 [INFO] LogOutputStream:77 - [STDOUT_REDIRECT] 1 : Invalid condition id : UX_CORESTACK_Condition cause : null
2024-01-20 16:55:33,024 [INFO] LogOutputStream:77 - [STDOUT_REDIRECT] 1 : Invalid condition id : UX_CORESTACK_Condition cause : null
2024-01-20 16:55:33,037 [WARN] PackLoader:240 - Cannot read IP mode file for STMicroelectronics.X-CUBE-AZRTOS-WL.2.0.0
2024-01-20 16:55:33,056 [WARN] PackLoader:240 - Cannot read IP mode file for WES.I-CUBE-Cesium.1.3.0
2024-01-20 16:55:33,067 [WARN] PackLoader:240 - Cannot read IP mode file for STMicroelectronics.X-CUBE-BLE2.3.3.0
2024-01-20 16:55:33,080 [WARN] PackLoader:240 - Cannot read IP mode file for STMicroelectronics.X-CUBE-ALGOBUILD.1.3.0
2024-01-20 16:55:33,123 [WARN] PackLoader:240 - Cannot read IP mode file for STMicroelectronics.X-CUBE-AZRTOS-G0.1.1.0
2024-01-20 16:55:33,141 [WARN] PackLoader:240 - Cannot read IP mode file for STMicroelectronics.X-CUBE-NFC4.3.0.0
2024-01-20 16:55:33,160 [WARN] PackLoader:240 - Cannot read IP mode file for STMicroelectronics.X-CUBE-BLEMGR.3.0.0
2024-01-20 16:55:33,169 [WARN] PackLoader:240 - Cannot read IP mode file for STMicroelectronics.FP-ATR-SIGFOX1.3.2.0
2024-01-20 16:55:33,216 [WARN] PackLoader:240 - Cannot read IP mode file for SEGGER.I-CUBE-embOS.1.3.1
2024-01-20 16:55:33,281 [WARN] PackLoader:240 - Cannot read IP mode file for STMicroelectronics.X-CUBE-GNSS1.6.0.0
2024-01-20 16:55:33,322 [WARN] PackLoader:240 - Cannot read IP mode file for STMicroelectronics.X-CUBE-AZRTOS-F4.1.1.0
2024-01-20 16:55:33,340 [WARN] PackLoader:240 - Cannot read IP mode file for wolfSSL.I-CUBE-wolfSSL.5.6.6
2024-01-20 16:55:33,363 [INFO] WebApp:780 - Register for checkConnection events
2024-01-20 16:55:33,364 [INFO] WebApp:414 - Apply proxy settings
2024-01-20 16:55:33,364 [INFO] WebApp:499 - Chromium requires no authentication
2024-01-20 16:55:33,374 [WARN] PackLoader:240 - Cannot read IP mode file for STMicroelectronics.X-CUBE-AZRTOS-L5.2.0.0
2024-01-20 16:55:33,382 [INFO] WebApp:442 - Direct internet connection detected
2024-01-20 16:55:33,387 [WARN] PackLoader:240 - Cannot read IP mode file for STMicroelectronics.X-CUBE-EEPRMA1.4.2.0
2024-01-20 16:55:33,396 [WARN] PackLoader:240 - Cannot read IP mode file for ITTIA_DB.I-CUBE-ITTIADB.8.8.0
2024-01-20 16:55:33,403 [WARN] PackLoader:240 - Cannot read IP mode file for STMicroelectronics.X-CUBE-NFC7.1.0.1
2024-01-20 16:55:33,415 [WARN] PackLoader:240 - Cannot read IP mode file for STMicroelectronics.X-CUBE-NFC6.3.0.0
2024-01-20 16:55:33,422 [WARN] PackLoader:240 - Cannot read IP mode file for STMicroelectronics.X-CUBE-AI.8.1.0
2024-01-20 16:55:33,455 [WARN] ConditionMgr:438 - getConditionDescription Invalid condition id : LAN8742 Phy interface Condition cause : null
2024-01-20 16:55:33,456 [WARN] PackLoader:240 - Cannot read IP mode file for STMicroelectronics.X-CUBE-AZRTOS-L4.2.0.0
2024-01-20 16:55:33,458 [WARN] ConditionMgr:1039 - genDependencies : Invalid condition id : LAN8742 Phy interface Condition cause : null
2024-01-20 16:55:33,459 [WARN] ConditionMgr:1039 - genDependencies : Invalid condition id : LAN8742 Phy interface Condition cause : null
2024-01-20 16:55:33,460 [WARN] ConditionMgr:1039 - genDependencies : Invalid condition id : LAN8742 Phy interface Condition cause : null
2024-01-20 16:55:33,471 [WARN] PackLoader:240 - Cannot read IP mode file for STMicroelectronics.X-CUBE-SFXS2LP1.4.0.0
2024-01-20 16:55:33,491 [WARN] ConditionMgr:438 - getConditionDescription Invalid condition id : UX DEVICE CLASS RTOS Condition cause : null
2024-01-20 16:55:33,492 [WARN] ConditionMgr:438 - getConditionDescription Invalid condition id : UX DEVICE CLASS RTOS Condition cause : null
2024-01-20 16:55:33,496 [WARN] PackLoader:240 - Cannot read IP mode file for STMicroelectronics.X-CUBE-AZRTOS-WB.2.0.0
2024-01-20 16:55:33,497 [WARN] ConditionMgr:1039 - genDependencies : Invalid condition id : UX DEVICE CLASS RTOS Condition cause : null
2024-01-20 16:55:33,497 [WARN] ConditionMgr:1039 - genDependencies : Invalid condition id : UX DEVICE CLASS RTOS Condition cause : null
2024-01-20 16:55:33,498 [WARN] ConditionMgr:1039 - genDependencies : Invalid condition id : UX DEVICE CLASS RTOS Condition cause : null
2024-01-20 16:55:33,499 [WARN] ConditionMgr:1039 - genDependencies : Invalid condition id : UX DEVICE CLASS RTOS Condition cause : null
2024-01-20 16:55:33,499 [WARN] ConditionMgr:1039 - genDependencies : Invalid condition id : UX DEVICE CLASS RTOS Condition cause : null
2024-01-20 16:55:33,514 [WARN] PackLoader:240 - Cannot read IP mode file for STMicroelectronics.X-CUBE-SUBG2.5.0.0
2024-01-20 16:55:33,544 [WARN] PackLoader:240 - Cannot read IP mode file for STMicroelectronics.X-CUBE-AZRTOS-G4.2.0.0
2024-01-20 16:55:33,562 [WARN] PackLoader:240 - Cannot read IP mode file for Infineon.AIROC-Wi-Fi-Bluetooth-STM32.1.5.1
2024-01-20 16:55:33,573 [WARN] PackLoader:240 - Cannot read IP mode file for STMicroelectronics.FP-SNS-MOTENVWB1.1.3.1
2024-01-20 16:55:33,578 [WARN] PackLoader:240 - Cannot read IP mode file for STMicroelectronics.X-CUBE-ISPU.2.0.0
2024-01-20 16:55:33,597 [INFO] WebApp:192 - Starting web application
2024-01-20 16:55:33,598 [INFO] WebApp:544 - Web application path used /opt/st/stm32cubeide_1.14.0/plugins/com.st.stm32cube.common.mx_6.10.0.202311202037/db/plugins/mcufinder/reactClient1/index.html
2024-01-20 16:55:33,654 [WARN] PackLoader:240 - Cannot read IP mode file for STMicroelectronics.X-CUBE-MEMS1.10.0.0
2024-01-20 16:55:33,926 [WARN] PackLoader:240 - Cannot read IP mode file for STMicroelectronics.X-CUBE-FREERTOS.1.1.0
2024-01-20 16:55:33,930 [WARN] PackLoader:240 - Cannot read IP mode file for portGmbH.I-Cube-SoM-uGOAL.1.1.0
2024-01-20 16:55:33,934 [WARN] PackLoader:240 - Cannot read IP mode file for STMicroelectronics.X-CUBE-ALS.1.0.1
2024-01-20 16:55:33,938 [WARN] PackLoader:240 - Cannot read IP mode file for STMicroelectronics.FP-ATR-ASTRA1.2.0.0
2024-01-20 16:55:33,952 [WARN] PackLoader:240 - Cannot read IP mode file for STMicroelectronics.X-CUBE-TOF1.3.4.0
2024-01-20 16:55:34,005 [WARN] PackLoader:240 - Cannot read IP mode file for STMicroelectronics.X-CUBE-AZRTOS-H7.3.2.0
2024-01-20 16:55:34,012 [INFO] ThirdParty:978 - Integrity check success = true
2024-01-20 16:55:34,012 [INFO] IntegrityCheckThread:100 - exiting critical section [integrity check]
2024-01-20 16:55:34,012 [INFO] IntegrityCheckThread:103 - End integrity checks thread
2024-01-20 16:55:45,592 [INFO] McuFinderGlobals:63 - Set McuFinder mode to 2 (CubeIDE integrated)
2024-01-20 16:55:45,594 [INFO] MainUpdater:2873 - connection check result : 10
2024-01-20 16:55:45,933 [INFO] ApiDb:581 - Connected to CubeFinder SQLite database (/home/sleman/.stmcufinder/plugins/mcufinder/mcu/cube-finder-db.db)
2024-01-20 16:55:46,005 [INFO] ApiDb:668 - CubeFinder database Data Model version=2.1
2024-01-20 16:55:46,005 [INFO] ApiDb:669 - CubeFinder database Configuration version=3.0.39
2024-01-20 16:55:46,006 [INFO] ApiDb:670 - CubeFinder database generation date=2023-12-08 (1702028721)
2024-01-20 16:55:46,006 [INFO] ApiDb:671 - CubeFinder database FW Pack versions=[FP-ATR-ASTRA1_V2.0.0, FP-SNS-FLIGHT1_V5.0.1, FP-SNS-FLIGHT1_V5.0.2, FP-SNS-MOTENV1_V4.3.1, FP-SNS-MOTENV1_V4.3.2, FP-SNS-MOTENVWB1_V1.3.1, FP-SNS-SMARTAG2_V1.2.0, STM32Cube_FW_C0_V1.1.0, STM32Cube_FW_F4_V1.28.0, STM32Cube_FW_F7_V1.17.0, STM32Cube_FW_G0_V1.6.1, STM32Cube_FW_G4_V1.5.1, STM32Cube_FW_H5_V0.5.1, STM32Cube_FW_H5_V1.1.1, STM32Cube_FW_H5_V1.2.0RC2, STM32Cube_FW_H7_V1.11.0, STM32Cube_FW_L0_V1.12.2, STM32Cube_FW_L5_V1.5.0, STM32Cube_FW_U5_V1.3.0RC4, STM32Cube_FW_U5_V1.4.0, STM32Cube_FW_WBA_V1.0.0RC1, STM32Cube_FW_WBA_V1.1.0RC1, STM32Cube_FW_WBA_V1.2.0, STM32Cube_FW_WBA_V1.2.0RC2, STM32Cube_FW_WB_V1.15.0RC1, STM32Cube_FW_WB_V1.16.0, STM32Cube_FW_WB_V1.16.0RC2, STM32Cube_FW_WB_V1.18.0, STM32Cube_FW_WL_V1.3.0, X-CUBE-ALGOBUILD_V1.3.0, X-CUBE-ALS_V1.0.1, X-CUBE-AZRTOS-F4_V1.1.0, X-CUBE-AZRTOS-F7_V1.1.0, X-CUBE-AZRTOS-G0_V1.1.0, X-CUBE-AZRTOS-G4_V2.0.0, X-CUBE-AZRTOS-H7_V3.1.0, X-CUBE-AZRTOS-L4_V1.0.0, X-CUBE-AZRTOS-L4_V2.0.0, X-CUBE-AZRTOS-L5_V1.1.0, X-CUBE-AZRTOS-WB_V2.0.0, X-CUBE-AZRTOS-WL_V2.0.0, X-CUBE-BLE1_V7.0.0, X-CUBE-BLE2_V3.3.0, X-CUBE-BLEMGR_V3.0.0, X-CUBE-EEPRMA1_V4.1.0, X-CUBE-EEPRMA1_V4.2.0, X-CUBE-FREERTOS_V1.1.0, X-CUBE-GNSS1_V6.0.0, X-CUBE-MEMS1_V10.0.0, X-CUBE-MEMS1_V9.1.0, X-CUBE-MEMS1_V9.4.0, X-CUBE-MEMS1_V9.6.0, X-CUBE-NFC4_V3.0.0, X-CUBE-NFC7_V1.0.1, X-CUBE-SFXS2LP1_V4.0.0, X-CUBE-SUBG2_V5.0.0, X-CUBE-TOF1_V3.4.0]
2024-01-20 16:55:46,095 [INFO] DbBoardsSqlite:226 - include board P-NUCLEO-WB55-NUCLEO as a kit item of type 'Nucleo-64'
2024-01-20 16:55:46,095 [INFO] DbBoardsSqlite:226 - include board P-NUCLEO-WB55-USBDONGLE as a kit item of type 'Nucleo USB Dongle'
2024-01-20 16:55:46,096 [INFO] DbBoardsSqlite:226 - include board STEVAL-IDP005V1 as a kit item of type 'Evaluation Board'
2024-01-20 16:55:46,096 [INFO] DbBoardsSqlite:226 - include board STEVAL-IDP005V2 as a kit item of type 'Evaluation Board'
2024-01-20 16:55:46,144 [INFO] ApiDb:240 - Found 371 in-development CPN: [B-G473E-ZEST1S, B-WB1M-WPAN1, B-WL5M-SUBG1, NUCLEO-C031C6, NUCLEO-H503RB, NUCLEO-H563ZI, NUCLEO-U545RE-Q, NUCLEO-U5A5ZJ-Q, NUCLEO-WBA52CG, NUCLEO-WBA55CG, STEVAL-MKBOXPRO, STEVAL-PROTEUS1, STEVAL-STWINBX1, STM320518-EVAL, STM32C0116-DK, STM32C011D6Y3TR, STM32C011D6Y6TR, STM32C011F4P3, STM32C011F4P6, STM32C011F4U3, STM32C011F4U6TR, STM32C011F6P3, STM32C011F6P6, STM32C011F6U3, STM32C011F6U6TR, STM32C011J4M3, STM32C011J4M6, STM32C011J6M3, STM32C011J6M6, STM32C0316-DK, STM32C031C4T3, STM32C031C4T6, STM32C031C4U3, STM32C031C4U6, STM32C031C6T3, STM32C031C6T6, STM32C031C6U3, STM32C031C6U6, STM32C031F4P3, STM32C031F4P6, STM32C031F6P3, STM32C031F6P6, STM32C031G4U3, STM32C031G4U6, STM32C031G6U3, STM32C031G6U6, STM32C031K4T3, STM32C031K4T6, STM32C031K4U3, STM32C031K4U6, STM32C031K6T3, STM32C031K6T6, STM32C031K6U3, STM32C031K6U6, STM32G071K8TXN, STM32G071K8UXN, STM32G081GBU6N, STM32G081KBT6N, STM32G081KBUXN, STM32G0B1CCT6N, STM32G0B1KCT6, STM32G0B1NEY6TR, STM32G0B1RCT6N, STM32G0C1CCT6, STM32G0C1CCT6N, STM32G0C1CCU6N, STM32G0C1CET6N, STM32G0C1CEU6N, STM32G0C1KCT6, STM32G0C1NEY6TR, STM32G0C1RCI6N, STM32G0C1RCT6N, STM32G0C1REI6N, STM32G0C1RET6N, STM32G0C1VCI6, STM32G0C1VEI6, STM32G471CCT6, STM32G471CCU6, STM32G471CET3, STM32G471CET6, STM32G471CEU3, STM32G471CEU6, STM32G471MCT6, STM32G471MET3, STM32G471MET6, STM32G471MEY6TR, STM32G471QCT6, STM32G471QET3, STM32G471RCT6, STM32G471RET3, STM32G471RET6, STM32G471VCH6, STM32G471VCI6, STM32G471VCT6, STM32G471VEH3, STM32G471VEH6, STM32G471VEI3, STM32G471VEI6, STM32G471VET3, STM32G471VET6, STM32G474CCT6, STM32H503CBT6, STM32H503CBU6, STM32H503EBY6TR, STM32H503KBU6, STM32H503RBT6, STM32H562AGI6, STM32H562AII6, STM32H562IGK6, STM32H562IGT6, STM32H562IIK6, STM32H562IIT6, STM32H562RGT6, STM32H562RGV6, STM32H562RIT6, STM32H562RIV6, STM32H562VGT6, STM32H562VIT6, STM32H562ZGT6, STM32H562ZIT6, STM32H563AGI6, STM32H563AII3Q, STM32H563AII6, STM32H563IGK6, STM32H563IGT6, STM32H563IIK3Q, STM32H563IIK6, STM32H563IIT3Q, STM32H563IIT6, STM32H563MIY3QTR, STM32H563RGT6, STM32H563RGV6, STM32H563RIT6, STM32H563RIV6, STM32H563VGT6, STM32H563VIT3Q, STM32H563VIT6, STM32H563ZGT6, STM32H563ZIT3Q, STM32H563ZIT6, STM32H573AII3Q, STM32H573AII6, STM32H573I-DK, STM32H573IIK3Q, STM32H573IIK6, STM32H573IIT3Q, STM32H573IIT6, STM32H573MIY3QTR, STM32H573RIT6, STM32H573RIV6, STM32H573VIT3Q, STM32H573VIT6, STM32H573ZIT3Q, STM32H573ZIT6, STM32L4R5QGI6STR, STM32MP131AAE3, STM32MP131AAF3, STM32MP131AAG3, STM32MP131CAE3, STM32MP131CAF3, STM32MP131CAG3, STM32MP131DAE7, STM32MP131DAF7, STM32MP131DAG7, STM32MP131FAE7, STM32MP131FAF7, STM32MP131FAG7, STM32MP133AAE3, STM32MP133AAF3, STM32MP133AAG3, STM32MP133CAE3, STM32MP133CAF3, STM32MP133CAG3, STM32MP133DAE7, STM32MP133DAF7, STM32MP133DAG7, STM32MP133FAE7, STM32MP133FAF7, STM32MP133FAG7, STM32MP135AAE3, STM32MP135AAF3, STM32MP135AAG3, STM32MP135CAE3, STM32MP135CAF3, STM32MP135CAG3, STM32MP135DAE7, STM32MP135DAF7, STM32MP135DAG7, STM32MP135F-DK, STM32MP135FAE7, STM32MP135FAF7, STM32MP135FAF7T, STM32MP135FAF7U, STM32MP135FAG7, STM32U535CBT6, STM32U535CBT6Q, STM32U535CBU6, STM32U535CBU6Q, STM32U535CCT6, STM32U535CCT6Q, STM32U535CCU6, STM32U535CCU6Q, STM32U535CET6, STM32U535CET6Q, STM32U535CEU6, STM32U535CEU6Q, STM32U535JEY6QTR, STM32U535NCY6QTR, STM32U535NEY6QTR, STM32U535RBI6, STM32U535RBI6Q, STM32U535RBT6, STM32U535RBT6Q, STM32U535RCI6, STM32U535RCI6Q, STM32U535RCT6, STM32U535RCT6Q, STM32U535REI6, STM32U535REI6Q, STM32U535RET6, STM32U535RET6Q, STM32U535VCI6, STM32U535VCI6Q, STM32U535VCT6, STM32U535VCT6Q, STM32U535VEI6, STM32U535VEI6Q, STM32U535VET6, STM32U535VET6Q, STM32U545CET6, STM32U545CET6Q, STM32U545CEU6, STM32U545CEU6Q, STM32U545JEY6QTR, STM32U545NEY6QTR, STM32U545REI6, STM32U545REI6Q, STM32U545RET6, STM32U545RET6Q, STM32U545VEI6, STM32U545VEI6Q, STM32U545VET6, STM32U545VET6Q, STM32U595AIH6, STM32U595AIH6Q, STM32U595AJH6, STM32U595AJH6Q, STM32U595QII6, STM32U595QII6Q, STM32U595QJI6, STM32U595QJI6Q, STM32U595RIT6, STM32U595RIT6Q, STM32U595RJT6, STM32U595RJT6Q, STM32U595VIT6, STM32U595VIT6Q, STM32U595VJT6, STM32U595VJT6Q, STM32U595ZIT6, STM32U595ZIT6Q, STM32U595ZIY6QTR, STM32U595ZJT6, STM32U595ZJT6Q, STM32U595ZJY6QTR, STM32U599BJY6QTR, STM32U599NIH6Q, STM32U599NJH6Q, STM32U599VIT6Q, STM32U599VJT6, STM32U599VJT6Q, STM32U599ZIT6Q, STM32U599ZIY6QTR, STM32U599ZJT6Q, STM32U599ZJY6QTR, STM32U5A5AJH6, STM32U5A5AJH6Q, STM32U5A5QJI6, STM32U5A5QJI6Q, STM32U5A5RJT6, STM32U5A5RJT6Q, STM32U5A5VJT6, STM32U5A5VJT6Q, STM32U5A5ZJT6, STM32U5A5ZJT6Q, STM32U5A5ZJY6QTR, STM32U5A9BJY6QTR, STM32U5A9J-DK, STM32U5A9NJH6Q, STM32U5A9VJT6Q, STM32U5A9ZJT6Q, STM32U5A9ZJY6QTR, STM32U5F7VIT6, STM32U5F7VIT6Q, STM32U5F7VJT6, STM32U5F7VJT6Q, STM32U5F9BJY6QTR, STM32U5F9NJH6Q, STM32U5F9VIT6Q, STM32U5F9VJT6Q, STM32U5F9ZIJ6QTR, STM32U5F9ZIT6Q, STM32U5F9ZJJ6QTR, STM32U5F9ZJT6Q, STM32U5G7VJT6, STM32U5G7VJT6Q, STM32U5G9BJY6QTR, STM32U5G9J-DK1, STM32U5G9J-DK2, STM32U5G9NJH6Q, STM32U5G9VJT6Q, STM32U5G9ZJJ6QTR, STM32U5G9ZJT6Q, STM32WB1MMCH6, STM32WBA50KEU6, STM32WBA50KEU6TR, STM32WBA50KGU6, STM32WBA50KGU6TR, STM32WBA52CEU6, STM32WBA52CEU6TR, STM32WBA52CEU7, STM32WBA52CEU7TR, STM32WBA52CGU6, STM32WBA52CGU6TR, STM32WBA52CGU6U, STM32WBA52CGU7, STM32WBA52CGU7TR, STM32WBA52KEU6, STM32WBA52KEU6TR, STM32WBA52KGU6, STM32WBA52KGU6TR, STM32WBA54CEU6, STM32WBA54CEU6TR, STM32WBA54CEU7, STM32WBA54CEU7TR, STM32WBA54CGU6, STM32WBA54CGU6TR, STM32WBA54CGU7, STM32WBA54CGU7TR, STM32WBA54KEU6, STM32WBA54KEU6TR, STM32WBA54KEU7, STM32WBA54KEU7TR, STM32WBA54KGU6, STM32WBA54KGU6TR, STM32WBA54KGU7, STM32WBA54KGU7TR, STM32WBA55CEU6, STM32WBA55CEU6TR, STM32WBA55CEU7, STM32WBA55CEU7TR, STM32WBA55CGU6, STM32WBA55CGU6TR, STM32WBA55CGU6U, STM32WBA55CGU7, STM32WBA55CGU7TR, STM32WBA55G-DK1, STM32WBA55HEF6, STM32WBA55HEF7, STM32WBA55HGF6, STM32WBA55HGF7, STM32WBA55UEI6, STM32WBA55UEI6TR, STM32WBA55UEI7, STM32WBA55UEI7TR, STM32WBA55UGI6, STM32WBA55UGI6TR, STM32WBA55UGI7, STM32WBA55UGI7TR, STM32WL5MOCH6, STM32WL5MOCH6TR]
2024-01-20 16:55:46,252 [INFO] BoardInfo:889 - No configuration file found for board P-NUCLEO-WB55
2024-01-20 16:55:46,252 [INFO] DbBoards:161 - Kit is not supported: P-NUCLEO-WB55
2024-01-20 16:55:46,257 [INFO] BoardInfo:889 - No configuration file found for board STEVAL-BFA001V1B
2024-01-20 16:55:46,257 [INFO] DbBoards:161 - Kit is not supported: STEVAL-BFA001V1B
2024-01-20 16:55:46,258 [INFO] BoardInfo:889 - No configuration file found for board STEVAL-BFA001V2B
2024-01-20 16:55:46,258 [INFO] DbBoards:161 - Kit is not supported: STEVAL-BFA001V2B
2024-01-20 16:55:46,360 [INFO] DbBoards:168 - Found 193 boards, 190 are supported
2024-01-20 16:55:46,361 [INFO] DbBoards:169 - Found 193 boards, 3 of them is supported for  Bsp
2024-01-20 16:55:46,364 [INFO] ApiDb:668 - CubeFinder database Data Model version=2.1
2024-01-20 16:55:46,364 [INFO] ApiDb:669 - CubeFinder database Configuration version=3.0.39
2024-01-20 16:55:46,364 [INFO] ApiDb:670 - CubeFinder database generation date=2023-12-08 (1702028721)
2024-01-20 16:55:46,364 [INFO] ApiDb:671 - CubeFinder database FW Pack versions=[FP-ATR-ASTRA1_V2.0.0, FP-SNS-FLIGHT1_V5.0.1, FP-SNS-FLIGHT1_V5.0.2, FP-SNS-MOTENV1_V4.3.1, FP-SNS-MOTENV1_V4.3.2, FP-SNS-MOTENVWB1_V1.3.1, FP-SNS-SMARTAG2_V1.2.0, STM32Cube_FW_C0_V1.1.0, STM32Cube_FW_F4_V1.28.0, STM32Cube_FW_F7_V1.17.0, STM32Cube_FW_G0_V1.6.1, STM32Cube_FW_G4_V1.5.1, STM32Cube_FW_H5_V0.5.1, STM32Cube_FW_H5_V1.1.1, STM32Cube_FW_H5_V1.2.0RC2, STM32Cube_FW_H7_V1.11.0, STM32Cube_FW_L0_V1.12.2, STM32Cube_FW_L5_V1.5.0, STM32Cube_FW_U5_V1.3.0RC4, STM32Cube_FW_U5_V1.4.0, STM32Cube_FW_WBA_V1.0.0RC1, STM32Cube_FW_WBA_V1.1.0RC1, STM32Cube_FW_WBA_V1.2.0, STM32Cube_FW_WBA_V1.2.0RC2, STM32Cube_FW_WB_V1.15.0RC1, STM32Cube_FW_WB_V1.16.0, STM32Cube_FW_WB_V1.16.0RC2, STM32Cube_FW_WB_V1.18.0, STM32Cube_FW_WL_V1.3.0, X-CUBE-ALGOBUILD_V1.3.0, X-CUBE-ALS_V1.0.1, X-CUBE-AZRTOS-F4_V1.1.0, X-CUBE-AZRTOS-F7_V1.1.0, X-CUBE-AZRTOS-G0_V1.1.0, X-CUBE-AZRTOS-G4_V2.0.0, X-CUBE-AZRTOS-H7_V3.1.0, X-CUBE-AZRTOS-L4_V1.0.0, X-CUBE-AZRTOS-L4_V2.0.0, X-CUBE-AZRTOS-L5_V1.1.0, X-CUBE-AZRTOS-WB_V2.0.0, X-CUBE-AZRTOS-WL_V2.0.0, X-CUBE-BLE1_V7.0.0, X-CUBE-BLE2_V3.3.0, X-CUBE-BLEMGR_V3.0.0, X-CUBE-EEPRMA1_V4.1.0, X-CUBE-EEPRMA1_V4.2.0, X-CUBE-FREERTOS_V1.1.0, X-CUBE-GNSS1_V6.0.0, X-CUBE-MEMS1_V10.0.0, X-CUBE-MEMS1_V9.1.0, X-CUBE-MEMS1_V9.4.0, X-CUBE-MEMS1_V9.6.0, X-CUBE-NFC4_V3.0.0, X-CUBE-NFC7_V1.0.1, X-CUBE-SFXS2LP1_V4.0.0, X-CUBE-SUBG2_V5.0.0, X-CUBE-TOF1_V3.4.0]
2024-01-20 16:55:48,616 [INFO] ApiDb:240 - Found 371 in-development CPN: [B-G473E-ZEST1S, B-WB1M-WPAN1, B-WL5M-SUBG1, NUCLEO-C031C6, NUCLEO-H503RB, NUCLEO-H563ZI, NUCLEO-U545RE-Q, NUCLEO-U5A5ZJ-Q, NUCLEO-WBA52CG, NUCLEO-WBA55CG, STEVAL-MKBOXPRO, STEVAL-PROTEUS1, STEVAL-STWINBX1, STM320518-EVAL, STM32C0116-DK, STM32C011D6Y3TR, STM32C011D6Y6TR, STM32C011F4P3, STM32C011F4P6, STM32C011F4U3, STM32C011F4U6TR, STM32C011F6P3, STM32C011F6P6, STM32C011F6U3, STM32C011F6U6TR, STM32C011J4M3, STM32C011J4M6, STM32C011J6M3, STM32C011J6M6, STM32C0316-DK, STM32C031C4T3, STM32C031C4T6, STM32C031C4U3, STM32C031C4U6, STM32C031C6T3, STM32C031C6T6, STM32C031C6U3, STM32C031C6U6, STM32C031F4P3, STM32C031F4P6, STM32C031F6P3, STM32C031F6P6, STM32C031G4U3, STM32C031G4U6, STM32C031G6U3, STM32C031G6U6, STM32C031K4T3, STM32C031K4T6, STM32C031K4U3, STM32C031K4U6, STM32C031K6T3, STM32C031K6T6, STM32C031K6U3, STM32C031K6U6, STM32G071K8TXN, STM32G071K8UXN, STM32G081GBU6N, STM32G081KBT6N, STM32G081KBUXN, STM32G0B1CCT6N, STM32G0B1KCT6, STM32G0B1NEY6TR, STM32G0B1RCT6N, STM32G0C1CCT6, STM32G0C1CCT6N, STM32G0C1CCU6N, STM32G0C1CET6N, STM32G0C1CEU6N, STM32G0C1KCT6, STM32G0C1NEY6TR, STM32G0C1RCI6N, STM32G0C1RCT6N, STM32G0C1REI6N, STM32G0C1RET6N, STM32G0C1VCI6, STM32G0C1VEI6, STM32G471CCT6, STM32G471CCU6, STM32G471CET3, STM32G471CET6, STM32G471CEU3, STM32G471CEU6, STM32G471MCT6, STM32G471MET3, STM32G471MET6, STM32G471MEY6TR, STM32G471QCT6, STM32G471QET3, STM32G471RCT6, STM32G471RET3, STM32G471RET6, STM32G471VCH6, STM32G471VCI6, STM32G471VCT6, STM32G471VEH3, STM32G471VEH6, STM32G471VEI3, STM32G471VEI6, STM32G471VET3, STM32G471VET6, STM32G474CCT6, STM32H503CBT6, STM32H503CBU6, STM32H503EBY6TR, STM32H503KBU6, STM32H503RBT6, STM32H562AGI6, STM32H562AII6, STM32H562IGK6, STM32H562IGT6, STM32H562IIK6, STM32H562IIT6, STM32H562RGT6, STM32H562RGV6, STM32H562RIT6, STM32H562RIV6, STM32H562VGT6, STM32H562VIT6, STM32H562ZGT6, STM32H562ZIT6, STM32H563AGI6, STM32H563AII3Q, STM32H563AII6, STM32H563IGK6, STM32H563IGT6, STM32H563IIK3Q, STM32H563IIK6, STM32H563IIT3Q, STM32H563IIT6, STM32H563MIY3QTR, STM32H563RGT6, STM32H563RGV6, STM32H563RIT6, STM32H563RIV6, STM32H563VGT6, STM32H563VIT3Q, STM32H563VIT6, STM32H563ZGT6, STM32H563ZIT3Q, STM32H563ZIT6, STM32H573AII3Q, STM32H573AII6, STM32H573I-DK, STM32H573IIK3Q, STM32H573IIK6, STM32H573IIT3Q, STM32H573IIT6, STM32H573MIY3QTR, STM32H573RIT6, STM32H573RIV6, STM32H573VIT3Q, STM32H573VIT6, STM32H573ZIT3Q, STM32H573ZIT6, STM32L4R5QGI6STR, STM32MP131AAE3, STM32MP131AAF3, STM32MP131AAG3, STM32MP131CAE3, STM32MP131CAF3, STM32MP131CAG3, STM32MP131DAE7, STM32MP131DAF7, STM32MP131DAG7, STM32MP131FAE7, STM32MP131FAF7, STM32MP131FAG7, STM32MP133AAE3, STM32MP133AAF3, STM32MP133AAG3, STM32MP133CAE3, STM32MP133CAF3, STM32MP133CAG3, STM32MP133DAE7, STM32MP133DAF7, STM32MP133DAG7, STM32MP133FAE7, STM32MP133FAF7, STM32MP133FAG7, STM32MP135AAE3, STM32MP135AAF3, STM32MP135AAG3, STM32MP135CAE3, STM32MP135CAF3, STM32MP135CAG3, STM32MP135DAE7, STM32MP135DAF7, STM32MP135DAG7, STM32MP135F-DK, STM32MP135FAE7, STM32MP135FAF7, STM32MP135FAF7T, STM32MP135FAF7U, STM32MP135FAG7, STM32U535CBT6, STM32U535CBT6Q, STM32U535CBU6, STM32U535CBU6Q, STM32U535CCT6, STM32U535CCT6Q, STM32U535CCU6, STM32U535CCU6Q, STM32U535CET6, STM32U535CET6Q, STM32U535CEU6, STM32U535CEU6Q, STM32U535JEY6QTR, STM32U535NCY6QTR, STM32U535NEY6QTR, STM32U535RBI6, STM32U535RBI6Q, STM32U535RBT6, STM32U535RBT6Q, STM32U535RCI6, STM32U535RCI6Q, STM32U535RCT6, STM32U535RCT6Q, STM32U535REI6, STM32U535REI6Q, STM32U535RET6, STM32U535RET6Q, STM32U535VCI6, STM32U535VCI6Q, STM32U535VCT6, STM32U535VCT6Q, STM32U535VEI6, STM32U535VEI6Q, STM32U535VET6, STM32U535VET6Q, STM32U545CET6, STM32U545CET6Q, STM32U545CEU6, STM32U545CEU6Q, STM32U545JEY6QTR, STM32U545NEY6QTR, STM32U545REI6, STM32U545REI6Q, STM32U545RET6, STM32U545RET6Q, STM32U545VEI6, STM32U545VEI6Q, STM32U545VET6, STM32U545VET6Q, STM32U595AIH6, STM32U595AIH6Q, STM32U595AJH6, STM32U595AJH6Q, STM32U595QII6, STM32U595QII6Q, STM32U595QJI6, STM32U595QJI6Q, STM32U595RIT6, STM32U595RIT6Q, STM32U595RJT6, STM32U595RJT6Q, STM32U595VIT6, STM32U595VIT6Q, STM32U595VJT6, STM32U595VJT6Q, STM32U595ZIT6, STM32U595ZIT6Q, STM32U595ZIY6QTR, STM32U595ZJT6, STM32U595ZJT6Q, STM32U595ZJY6QTR, STM32U599BJY6QTR, STM32U599NIH6Q, STM32U599NJH6Q, STM32U599VIT6Q, STM32U599VJT6, STM32U599VJT6Q, STM32U599ZIT6Q, STM32U599ZIY6QTR, STM32U599ZJT6Q, STM32U599ZJY6QTR, STM32U5A5AJH6, STM32U5A5AJH6Q, STM32U5A5QJI6, STM32U5A5QJI6Q, STM32U5A5RJT6, STM32U5A5RJT6Q, STM32U5A5VJT6, STM32U5A5VJT6Q, STM32U5A5ZJT6, STM32U5A5ZJT6Q, STM32U5A5ZJY6QTR, STM32U5A9BJY6QTR, STM32U5A9J-DK, STM32U5A9NJH6Q, STM32U5A9VJT6Q, STM32U5A9ZJT6Q, STM32U5A9ZJY6QTR, STM32U5F7VIT6, STM32U5F7VIT6Q, STM32U5F7VJT6, STM32U5F7VJT6Q, STM32U5F9BJY6QTR, STM32U5F9NJH6Q, STM32U5F9VIT6Q, STM32U5F9VJT6Q, STM32U5F9ZIJ6QTR, STM32U5F9ZIT6Q, STM32U5F9ZJJ6QTR, STM32U5F9ZJT6Q, STM32U5G7VJT6, STM32U5G7VJT6Q, STM32U5G9BJY6QTR, STM32U5G9J-DK1, STM32U5G9J-DK2, STM32U5G9NJH6Q, STM32U5G9VJT6Q, STM32U5G9ZJJ6QTR, STM32U5G9ZJT6Q, STM32WB1MMCH6, STM32WBA50KEU6, STM32WBA50KEU6TR, STM32WBA50KGU6, STM32WBA50KGU6TR, STM32WBA52CEU6, STM32WBA52CEU6TR, STM32WBA52CEU7, STM32WBA52CEU7TR, STM32WBA52CGU6, STM32WBA52CGU6TR, STM32WBA52CGU6U, STM32WBA52CGU7, STM32WBA52CGU7TR, STM32WBA52KEU6, STM32WBA52KEU6TR, STM32WBA52KGU6, STM32WBA52KGU6TR, STM32WBA54CEU6, STM32WBA54CEU6TR, STM32WBA54CEU7, STM32WBA54CEU7TR, STM32WBA54CGU6, STM32WBA54CGU6TR, STM32WBA54CGU7, STM32WBA54CGU7TR, STM32WBA54KEU6, STM32WBA54KEU6TR, STM32WBA54KEU7, STM32WBA54KEU7TR, STM32WBA54KGU6, STM32WBA54KGU6TR, STM32WBA54KGU7, STM32WBA54KGU7TR, STM32WBA55CEU6, STM32WBA55CEU6TR, STM32WBA55CEU7, STM32WBA55CEU7TR, STM32WBA55CGU6, STM32WBA55CGU6TR, STM32WBA55CGU6U, STM32WBA55CGU7, STM32WBA55CGU7TR, STM32WBA55G-DK1, STM32WBA55HEF6, STM32WBA55HEF7, STM32WBA55HGF6, STM32WBA55HGF7, STM32WBA55UEI6, STM32WBA55UEI6TR, STM32WBA55UEI7, STM32WBA55UEI7TR, STM32WBA55UGI6, STM32WBA55UGI6TR, STM32WBA55UGI7, STM32WBA55UGI7TR, STM32WL5MOCH6, STM32WL5MOCH6TR]
2024-01-20 16:55:48,623 [INFO] DbMcus:218 - Found 3930 MCUs, 3930 are supported
2024-01-20 16:55:48,624 [INFO] ApiDb:423 - Load user favorites file /home/sleman/.stm32cubeide/favorites.mcus.txt: 0 item(s)
2024-01-20 16:55:48,624 [INFO] ApiDb:427 - User favorites MCUs=[]
2024-01-20 16:55:48,624 [INFO] DbMcus:224 - Set 0 / 0 favorites MCUs
2024-01-20 16:55:48,908 [INFO] ApiDb:414 - User favorites file not found: /home/sleman/.stm32cubeide/favorites.boards.txt
2024-01-20 16:55:48,908 [INFO] DbBoards:198 - Set 0 / 0 favorites Boards
2024-01-20 16:55:48,908 [INFO] McuFinderGlobals:76 - Set McuFinderConnectedMode to true
2024-01-20 16:55:48,914 [INFO] MultiScanPanel:200 - Auto-refresh data requested => check proxy status ongoing
2024-01-20 16:55:48,916 [INFO] FinderPluginLoader:95 - Searching for filters in installed packs
2024-01-20 16:55:50,787 [INFO] LoadUrlFilesThread:185 - End of LoadServerUrlFiles without Thread
2024-01-20 16:55:50,804 [INFO] DetailPanel:341 - Set advertising image to /home/sleman/STM32Cube/Repository//en.prom-stm32wl3-mcu-finder.jpg
2024-01-20 16:55:54,209 [ERROR] LogOutputStream:75 - [STDERR_REDIRECT] SLF4J: Failed to load class "org.slf4j.impl.StaticLoggerBinder".
2024-01-20 16:55:54,210 [ERROR] LogOutputStream:75 - [STDERR_REDIRECT] SLF4J: Defaulting to no-operation (NOP) logger implementation
2024-01-20 16:55:54,210 [ERROR] LogOutputStream:75 - [STDERR_REDIRECT] SLF4J: See http://www.slf4j.org/codes.html#StaticLoggerBinder for further details.
2024-01-20 16:57:04,059 [INFO] McuFinderGlobals:76 - Set McuFinderConnectedMode to true
2024-01-20 16:57:04,064 [INFO] ApiDb:448 - Save user favorites file /home/sleman/.stm32cubeide/favorites.mcus.txt: 0 item(s)
2024-01-20 16:57:04,064 [INFO] ApiDb:452 - User favorites MCUs=[]
2024-01-20 17:57:10,257 [ERROR] LogOutputStream:75 - [STDERR_REDIRECT] 
2024-01-20 17:57:26,670 [INFO] Activator:176 - 


2024-01-20 17:57:26,675 [INFO] Activator:177 - !SESSION log4j initialized
2024-01-20 17:57:32,840 [INFO] LogOutputStream:77 - [STDOUT_REDIRECT] 
2024-01-20 17:57:34,651 [INFO] ApplicationProperties:184 - Using Application install path: /opt/st/stm32cubeide_1.14.0/plugins/com.st.stm32cube.common.mx_6.10.0.202311202037
2024-01-20 17:57:34,681 [INFO] DbMcusXml:78 - Set database path to: /opt/st/stm32cubeide_1.14.0/plugins/com.st.stm32cube.common.mx_6.10.0.202311202037//db//mcu/
2024-01-20 17:57:34,682 [INFO] ApiDb:274 - Set plugin database path to: /opt/st/stm32cubeide_1.14.0/plugins/com.st.stm32cube.common.mx_6.10.0.202311202037//db//plugins/boardmanager/
2024-01-20 17:57:34,683 [WARN] ApiDb:259 - Overriding images path with different value:  => /opt/st/stm32cubeide_1.14.0/plugins/com.st.stm32cube.common.mx_6.10.0.202311202037//db//plugins/mcufinder/images/
2024-01-20 17:57:34,691 [INFO] ApiDb:250 - Set database path to: /home/sleman/.stmcufinder/plugins/mcufinder//mcu/
2024-01-20 17:57:34,693 [INFO] DbMcusAds:125 - Set database path to: /home/sleman/.stmcufinder/plugins/mcufinder//mcu/
2024-01-20 17:57:34,696 [INFO] CrossReferenceDbSqlite:203 - Set database path to: /home/sleman/.stmcufinder/plugins/mcufinder//mcu/cs/
2024-01-20 17:57:34,915 [INFO] RulesReader:64 - Compatibility file has been processed (297 Rules)
2024-01-20 17:57:35,014 [INFO] DbMcusXml:78 - Set database path to: /opt/st/stm32cubeide_1.14.0/plugins/com.st.stm32cube.common.mx_6.10.0.202311202037//db//mcu/
2024-01-20 17:57:35,014 [INFO] ApiDb:274 - Set plugin database path to: /opt/st/stm32cubeide_1.14.0/plugins/com.st.stm32cube.common.mx_6.10.0.202311202037//db//plugins/boardmanager/
2024-01-20 17:57:35,014 [INFO] ApiDb:261 - Set plugin images path to: /opt/st/stm32cubeide_1.14.0/plugins/com.st.stm32cube.common.mx_6.10.0.202311202037//db//plugins/mcufinder/images/
2024-01-20 17:57:35,015 [WARN] DbFile:41 - Overriding database path with different value: /home/sleman/.stmcufinder/plugins/mcufinder/ => /home/sleman/.stmcufinder/plugins/mcufinder
2024-01-20 17:57:35,015 [INFO] ApiDb:250 - Set database path to: /home/sleman/.stmcufinder/plugins/mcufinder//mcu/
2024-01-20 17:57:35,015 [WARN] DbFile:41 - Overriding database path with different value: /home/sleman/.stmcufinder/plugins/mcufinder/ => /home/sleman/.stmcufinder/plugins/mcufinder
2024-01-20 17:57:35,015 [INFO] DbMcusAds:125 - Set database path to: /home/sleman/.stmcufinder/plugins/mcufinder//mcu/
2024-01-20 17:57:35,015 [WARN] DbFile:41 - Overriding database path with different value: /home/sleman/.stmcufinder/plugins/mcufinder/ => /home/sleman/.stmcufinder/plugins/mcufinder
2024-01-20 17:57:35,015 [WARN] DbFile:41 - Overriding database path with different value: /home/sleman/.stmcufinder/plugins/mcufinder/ => /home/sleman/.stmcufinder/plugins/mcufinder
2024-01-20 17:57:35,016 [INFO] CrossReferenceDbSqlite:203 - Set database path to: /home/sleman/.stmcufinder/plugins/mcufinder//mcu/cs/
2024-01-20 17:57:35,107 [INFO] MainPanel:264 - HeapMemory: 268435456
2024-01-20 17:57:35,217 [INFO] DbMcusXml:78 - Set database path to: /opt/st/stm32cubeide_1.14.0/plugins/com.st.stm32cube.common.mx_6.10.0.202311202037//db//mcu/
2024-01-20 17:57:35,217 [INFO] ApiDb:274 - Set plugin database path to: /opt/st/stm32cubeide_1.14.0/plugins/com.st.stm32cube.common.mx_6.10.0.202311202037//db//plugins/boardmanager/
2024-01-20 17:57:35,217 [INFO] ApiDb:261 - Set plugin images path to: /opt/st/stm32cubeide_1.14.0/plugins/com.st.stm32cube.common.mx_6.10.0.202311202037//db//plugins/mcufinder/images/
2024-01-20 17:57:35,218 [WARN] DbFile:41 - Overriding database path with different value: /home/sleman/.stmcufinder/plugins/mcufinder/ => /home/sleman/.stmcufinder/plugins/mcufinder
2024-01-20 17:57:35,218 [INFO] ApiDb:250 - Set database path to: /home/sleman/.stmcufinder/plugins/mcufinder//mcu/
2024-01-20 17:57:35,218 [WARN] DbFile:41 - Overriding database path with different value: /home/sleman/.stmcufinder/plugins/mcufinder/ => /home/sleman/.stmcufinder/plugins/mcufinder
2024-01-20 17:57:35,218 [INFO] DbMcusAds:125 - Set database path to: /home/sleman/.stmcufinder/plugins/mcufinder//mcu/
2024-01-20 17:57:35,218 [WARN] DbFile:41 - Overriding database path with different value: /home/sleman/.stmcufinder/plugins/mcufinder/ => /home/sleman/.stmcufinder/plugins/mcufinder
2024-01-20 17:57:35,218 [WARN] DbFile:41 - Overriding database path with different value: /home/sleman/.stmcufinder/plugins/mcufinder/ => /home/sleman/.stmcufinder/plugins/mcufinder
2024-01-20 17:57:35,219 [INFO] CrossReferenceDbSqlite:203 - Set database path to: /home/sleman/.stmcufinder/plugins/mcufinder//mcu/cs/
2024-01-20 17:57:35,239 [INFO] ApplicationProperties:184 - Using Application install path: /opt/st/stm32cubeide_1.14.0/plugins/com.st.stm32cube.common.mx_6.10.0.202311202037
2024-01-20 17:57:35,241 [INFO] PluginManage:196 - Search for loadable plugins [exclusion list=, ]
2024-01-20 17:57:35,242 [INFO] PluginManage:310 - Check plugin analytics
2024-01-20 17:57:35,528 [INFO] AnalyticsPlugin:253 - Accepted Software Licenses: 
2024-01-20 17:57:35,528 [INFO] AnalyticsPlugin:255 - Accepted CMSIS Pack Licenses: 
2024-01-20 17:57:35,528 [INFO] AnalyticsPlugin:257 - Accepted Firmware Licenses: 
2024-01-20 17:57:35,536 [INFO] PluginManage:359 - Loaded plugin analytics (category:tool,tabindex:-1)
2024-01-20 17:57:35,537 [INFO] PluginManage:310 - Check plugin cadmodel
2024-01-20 17:57:35,573 [INFO] CADModel:105 - Init CAD model plugin
2024-01-20 17:57:35,574 [INFO] PluginManage:359 - Loaded plugin cadmodel (category:power,tabindex:5)
2024-01-20 17:57:35,574 [INFO] PluginManage:310 - Check plugin clock
2024-01-20 17:57:35,589 [INFO] PluginManage:359 - Loaded plugin clock (category:base,tabindex:2)
2024-01-20 17:57:35,590 [INFO] PluginManage:310 - Check plugin ddr
2024-01-20 17:57:35,592 [INFO] PluginManage:359 - Loaded plugin ddr (category:tool,tabindex:6)
2024-01-20 17:57:35,593 [INFO] PluginManage:310 - Check plugin filemanager
2024-01-20 17:57:35,807 [INFO] PluginManage:359 - Loaded plugin filemanager (category:base,tabindex:10)
2024-01-20 17:57:35,808 [INFO] PluginManage:310 - Check plugin ipmanager
2024-01-20 17:57:35,818 [INFO] PluginManage:359 - Loaded plugin ipmanager (category:base,tabindex:5)
2024-01-20 17:57:35,818 [INFO] PluginManage:310 - Check plugin lpbam
2024-01-20 17:57:35,831 [INFO] PluginManage:359 - Loaded plugin lpbam (category:base,tabindex:0)
2024-01-20 17:57:35,832 [INFO] PluginManage:310 - Check plugin memorymap
2024-01-20 17:57:35,851 [INFO] PluginManage:359 - Loaded plugin memorymap (category:base,tabindex:4)
2024-01-20 17:57:35,851 [INFO] PluginManage:310 - Check plugin pinoutandconfiguration
2024-01-20 17:57:35,861 [INFO] PluginManage:359 - Loaded plugin pinoutandconfiguration (category:base,tabindex:1)
2024-01-20 17:57:35,862 [INFO] PluginManage:310 - Check plugin pinoutconfig
2024-01-20 17:57:35,999 [WARN] SupportedApi:132 - Cannot load RTOS API schema: s4s-elt-must-match.1: The content of 'definitions' must match (annotation?, (simpleType | complexType)?, (unique | key | keyref)*)). A problem was found starting at: attribute.
2024-01-20 17:57:36,217 [INFO] PluginManage:359 - Loaded plugin pinoutconfig (category:base,tabindex:0)
2024-01-20 17:57:36,217 [INFO] PluginManage:310 - Check plugin power
2024-01-20 17:57:36,230 [INFO] PluginManage:359 - Loaded plugin power (category:power,tabindex:4)
2024-01-20 17:57:36,231 [INFO] PluginManage:310 - Check plugin projectmanager
2024-01-20 17:57:36,263 [INFO] PluginManage:359 - Loaded plugin projectmanager (category:projectmanager,tabindex:3)
2024-01-20 17:57:36,263 [INFO] PluginManage:310 - Check plugin thirdparty
2024-01-20 17:57:36,426 [INFO] PluginManage:359 - Loaded plugin thirdparty (category:base,tabindex:-1)
2024-01-20 17:57:36,426 [INFO] PluginManage:310 - Check plugin tools
2024-01-20 17:57:36,430 [WARN] IntegrityCheckThread:84 - waiting for thirdparty lock release [integrity check]
2024-01-20 17:57:36,431 [INFO] IntegrityCheckThread:86 - entering critical section [integrity check]
2024-01-20 17:57:36,432 [INFO] ThirdPartyUpdaterWithRetryManager:70 - Updater plugin not ready yet. [1/15]
2024-01-20 17:57:36,430 [INFO] PluginManage:359 - Loaded plugin tools (category:base,tabindex:7)
2024-01-20 17:57:36,432 [INFO] PluginManage:310 - Check plugin tutovideos
2024-01-20 17:57:36,669 [INFO] PluginManage:359 - Loaded plugin tutovideos (category:base,tabindex:-1)
2024-01-20 17:57:36,670 [INFO] PluginManage:310 - Check plugin updater
2024-01-20 17:57:36,683 [INFO] PluginManage:359 - Loaded plugin updater (category:base,tabindex:12)
2024-01-20 17:57:36,683 [INFO] PluginManage:310 - Check plugin userauth
2024-01-20 17:57:36,689 [INFO] UserAuth:114 - Init User Auth plugin
2024-01-20 17:57:36,689 [INFO] PluginManage:359 - Loaded plugin userauth (category:base,tabindex:14)
2024-01-20 17:57:36,690 [INFO] PluginManage:283 - PluginManage : Loaded plugins [17]
2024-01-20 17:57:36,921 [INFO] PinOutPanel:1499 - setPackage(No Configuration,No Configuration)
2024-01-20 17:57:37,001 [INFO] CADModel:165 - CPN selected for project level
2024-01-20 17:57:37,002 [INFO] CADModel:114 - Register for checkConnection events
2024-01-20 17:57:37,014 [INFO] IPUIPlugin:80 - create IPUIPlugin
2024-01-20 17:57:37,014 [INFO] PluginManager:220 - loadIPPluginJar : add quadspi
2024-01-20 17:57:37,015 [INFO] IPUIPlugin:80 - create IPUIPlugin
2024-01-20 17:57:37,016 [INFO] PluginManager:220 - loadIPPluginJar : add fatfs
2024-01-20 17:57:37,029 [INFO] IPUIPlugin:80 - create IPUIPlugin
2024-01-20 17:57:37,029 [INFO] PluginManager:220 - loadIPPluginJar : add adc
2024-01-20 17:57:37,033 [INFO] IPUIPlugin:80 - create IPUIPlugin
2024-01-20 17:57:37,034 [INFO] PluginManager:220 - loadIPPluginJar : add gpio
2024-01-20 17:57:37,035 [INFO] IPUIPlugin:80 - create IPUIPlugin
2024-01-20 17:57:37,036 [INFO] PluginManager:220 - loadIPPluginJar : add ucpd
2024-01-20 17:57:37,043 [INFO] IPUIPlugin:80 - create IPUIPlugin
2024-01-20 17:57:37,043 [INFO] PluginManager:220 - loadIPPluginJar : add dma
2024-01-20 17:57:37,045 [INFO] IPUIPlugin:80 - create IPUIPlugin
2024-01-20 17:57:37,046 [INFO] PluginManager:220 - loadIPPluginJar : add ts
2024-01-20 17:57:37,049 [INFO] IPUIPlugin:80 - create IPUIPlugin
2024-01-20 17:57:37,049 [INFO] PluginManager:220 - loadIPPluginJar : add usbx
2024-01-20 17:57:37,054 [INFO] IPUIPlugin:80 - create IPUIPlugin
2024-01-20 17:57:37,054 [INFO] PluginManager:220 - loadIPPluginJar : add gic
2024-01-20 17:57:37,056 [INFO] IPUIPlugin:80 - create IPUIPlugin
2024-01-20 17:57:37,057 [INFO] PluginManager:220 - loadIPPluginJar : add gfxmmu
2024-01-20 17:57:37,061 [INFO] IPUIPlugin:80 - create IPUIPlugin
2024-01-20 17:57:37,061 [INFO] PluginManager:220 - loadIPPluginJar : add openamp
2024-01-20 17:57:37,063 [INFO] IPUIPlugin:80 - create IPUIPlugin
2024-01-20 17:57:37,064 [INFO] PluginManager:220 - loadIPPluginJar : add comp
2024-01-20 17:57:37,066 [INFO] IPUIPlugin:80 - create IPUIPlugin
2024-01-20 17:57:37,066 [INFO] PluginManager:220 - loadIPPluginJar : add usart
2024-01-20 17:57:37,068 [INFO] IPUIPlugin:80 - create IPUIPlugin
2024-01-20 17:57:37,069 [INFO] PluginManager:220 - loadIPPluginJar : add hash
2024-01-20 17:57:37,071 [INFO] IPUIPlugin:80 - create IPUIPlugin
2024-01-20 17:57:37,072 [INFO] PluginManager:220 - loadIPPluginJar : add opamp
2024-01-20 17:57:37,073 [INFO] IPUIPlugin:80 - create IPUIPlugin
2024-01-20 17:57:37,074 [INFO] PluginManager:220 - loadIPPluginJar : add tim
2024-01-20 17:57:37,077 [INFO] IPUIPlugin:80 - create IPUIPlugin
2024-01-20 17:57:37,078 [INFO] PluginManager:220 - loadIPPluginJar : add i2s
2024-01-20 17:57:37,081 [INFO] IPUIPlugin:80 - create IPUIPlugin
2024-01-20 17:57:37,081 [INFO] PluginManager:220 - loadIPPluginJar : add dfsdm
2024-01-20 17:57:37,086 [INFO] IPUIPlugin:80 - create IPUIPlugin
2024-01-20 17:57:37,086 [INFO] PluginManager:220 - loadIPPluginJar : add freertos
2024-01-20 17:57:37,089 [INFO] IPUIPlugin:80 - create IPUIPlugin
2024-01-20 17:57:37,090 [INFO] PluginManager:220 - loadIPPluginJar : add pdm2pcm
2024-01-20 17:57:37,093 [INFO] IPUIPlugin:80 - create IPUIPlugin
2024-01-20 17:57:37,094 [INFO] PluginManager:220 - loadIPPluginJar : add nvic
2024-01-20 17:57:37,097 [INFO] IPUIPlugin:80 - create IPUIPlugin
2024-01-20 17:57:37,097 [INFO] PluginManager:220 - loadIPPluginJar : add gtzc
2024-01-20 17:57:37,100 [INFO] IPUIPlugin:80 - create IPUIPlugin
2024-01-20 17:57:37,100 [INFO] PluginManager:220 - loadIPPluginJar : add i2c
2024-01-20 17:57:37,103 [INFO] IPUIPlugin:80 - create IPUIPlugin
2024-01-20 17:57:37,103 [INFO] PluginManager:220 - loadIPPluginJar : add can
2024-01-20 17:57:37,105 [INFO] IPUIPlugin:80 - create IPUIPlugin
2024-01-20 17:57:37,106 [INFO] PluginManager:220 - loadIPPluginJar : add tracer_emb
2024-01-20 17:57:37,114 [INFO] IPUIPlugin:80 - create IPUIPlugin
2024-01-20 17:57:37,117 [INFO] PluginManager:220 - loadIPPluginJar : add plateformsettings
2024-01-20 17:57:37,119 [INFO] IPUIPlugin:80 - create IPUIPlugin
2024-01-20 17:57:37,119 [INFO] PluginManager:220 - loadIPPluginJar : add ltdc
2024-01-20 17:57:37,121 [INFO] IPUIPlugin:80 - create IPUIPlugin
2024-01-20 17:57:37,122 [INFO] PluginManager:220 - loadIPPluginJar : add cryp
2024-01-20 17:57:37,126 [INFO] IPUIPlugin:80 - create IPUIPlugin
2024-01-20 17:57:37,126 [INFO] PluginManager:220 - loadIPPluginJar : add dma3
2024-01-20 17:57:37,131 [INFO] IPUIPlugin:80 - create IPUIPlugin
2024-01-20 17:57:37,131 [INFO] PluginManager:220 - loadIPPluginJar : add touchsensing
2024-01-20 17:57:37,134 [INFO] IPUIPlugin:80 - create IPUIPlugin
2024-01-20 17:57:37,134 [INFO] PluginManager:220 - loadIPPluginJar : add spi
2024-01-20 17:57:37,137 [INFO] IPUIPlugin:80 - create IPUIPlugin
2024-01-20 17:57:37,137 [INFO] PluginManager:220 - loadIPPluginJar : add aes
2024-01-20 17:57:37,139 [INFO] IPUIPlugin:80 - create IPUIPlugin
2024-01-20 17:57:37,139 [INFO] PluginManager:220 - loadIPPluginJar : add tsc
2024-01-20 17:57:37,147 [INFO] IPUIPlugin:80 - create IPUIPlugin
2024-01-20 17:57:37,147 [INFO] PluginManager:220 - loadIPPluginJar : add stm32_wpan
2024-01-20 17:57:37,150 [INFO] IPUIPlugin:80 - create IPUIPlugin
2024-01-20 17:57:37,151 [INFO] PluginManager:220 - loadIPPluginJar : add i3c
2024-01-20 17:57:37,159 [INFO] IPUIPlugin:80 - create IPUIPlugin
2024-01-20 17:57:37,159 [INFO] PluginManager:220 - loadIPPluginJar : add linkedlist
2024-01-20 17:57:37,162 [INFO] IPUIPlugin:80 - create IPUIPlugin
2024-01-20 17:57:37,162 [INFO] PluginManager:220 - loadIPPluginJar : add ipddr
2024-01-20 17:57:37,165 [INFO] IPUIPlugin:80 - create IPUIPlugin
2024-01-20 17:57:37,165 [INFO] PluginManager:220 - loadIPPluginJar : add resmgrutility
2024-01-20 17:57:37,171 [INFO] IPUIPlugin:80 - create IPUIPlugin
2024-01-20 17:57:37,172 [INFO] PluginManager:220 - loadIPPluginJar : add mdma
2024-01-20 17:57:37,173 [INFO] IPUIPlugin:80 - create IPUIPlugin
2024-01-20 17:57:37,174 [INFO] PluginManager:220 - loadIPPluginJar : add genericplugin
2024-01-20 17:57:37,178 [INFO] IPUIPlugin:80 - create IPUIPlugin
2024-01-20 17:57:37,178 [INFO] PluginManager:220 - loadIPPluginJar : add sai
2024-01-20 17:57:37,181 [INFO] IPUIPlugin:80 - create IPUIPlugin
2024-01-20 17:57:37,181 [INFO] PluginManager:220 - loadIPPluginJar : add lorawan
2024-01-20 17:57:37,185 [INFO] IPUIPlugin:80 - create IPUIPlugin
2024-01-20 17:57:37,185 [INFO] PluginManager:220 - loadIPPluginJar : add fmc
2024-01-20 17:57:37,301 [INFO] CADModel:165 - CPN selected for project level
2024-01-20 17:57:37,301 [INFO] CADModel:114 - Register for checkConnection events
2024-01-20 17:57:37,301 [FATAL] Updater:308 - Updater called before beeing initialized
2024-01-20 17:57:37,301 [ERROR] CADModel:125 - Updater not yet initialized, retry later 
2024-01-20 17:57:37,469 [INFO] CADModel:165 - CPN selected for project level
2024-01-20 17:57:37,469 [INFO] CADModel:114 - Register for checkConnection events
2024-01-20 17:57:37,469 [FATAL] Updater:308 - Updater called before beeing initialized
2024-01-20 17:57:37,469 [ERROR] CADModel:125 - Updater not yet initialized, retry later 
2024-01-20 17:57:37,476 [FATAL] Updater:308 - Updater called before beeing initialized
2024-01-20 17:57:37,593 [FATAL] Updater:308 - Updater called before beeing initialized
2024-01-20 17:57:37,598 [INFO] DbMcusAds:53 - JSON generation date=Wed Nov 29 07:52:27 BRT 2023 (1701255147200)
2024-01-20 17:57:37,599 [FATAL] Updater:308 - Updater called before beeing initialized
2024-01-20 17:57:37,645 [WARN] DetailPanel:346 - Failed to get advertising image, set to default
2024-01-20 17:57:37,751 [FATAL] Updater:308 - Updater called before beeing initialized
2024-01-20 17:57:37,752 [FATAL] Updater:308 - Updater called before beeing initialized
2024-01-20 17:57:37,753 [FATAL] Updater:308 - Updater called before beeing initialized
2024-01-20 17:57:37,753 [WARN] DetailPanel:346 - Failed to get advertising image, set to default
2024-01-20 17:57:37,754 [FATAL] Updater:308 - Updater called before beeing initialized
2024-01-20 17:57:37,805 [ERROR] Updater:1120 - MainUpdater not yet initialized. External WinMGr cannot be set.
2024-01-20 17:57:37,810 [INFO] Updater:1056 - Updater Version found : 6.10.0
2024-01-20 17:57:37,837 [INFO] ApplicationProperties:184 - Using Application install path: /opt/st/stm32cubeide_1.14.0/plugins/com.st.stm32cube.common.mx_6.10.0.202311202037
2024-01-20 17:57:38,277 [INFO] MainUpdater:2873 - connection check result : 10
2024-01-20 17:57:38,278 [INFO] MainUpdater:290 - Updater Check For Update Now.
2024-01-20 17:57:38,278 [INFO] MicroXplorer:498 - Change Database Version : DB.6.0.100
2024-01-20 17:57:38,287 [INFO] McuFinderGlobals:63 - Set McuFinder mode to 2 (CubeIDE integrated)
2024-01-20 17:57:38,287 [INFO] UserAuth:180 - activating auth plugin
2024-01-20 17:57:38,291 [INFO] UserAuth:404 - Internet connection configuration mode: 1
2024-01-20 17:57:38,307 [INFO] JxBrowserEngine:152 - Initiate JxBrowser Engine with user profile folder
2024-01-20 17:57:38,509 [INFO] CheckServerUpdateThread:120 - End of CheckServer Thread
2024-01-20 17:57:39,227 [INFO] WebApp:161 - Instantiating new browser for Auth
2024-01-20 17:57:39,633 [WARN] PackLoader:240 - Cannot read IP mode file for STMicroelectronics.X-CUBE-SMBUS.2.1.0
2024-01-20 17:57:39,646 [WARN] PackLoader:240 - Cannot read IP mode file for STMicroelectronics.X-CUBE-TOUCHGFX.4.23.0
2024-01-20 17:57:39,715 [WARN] PackLoader:240 - Cannot read IP mode file for STMicroelectronics.X-CUBE-AZRTOS-F7.1.1.0
2024-01-20 17:57:39,740 [WARN] PackLoader:240 - Cannot read IP mode file for STMicroelectronics.FP-SNS-MOTENV1.4.3.2
2024-01-20 17:57:39,763 [WARN] PackLoader:240 - Cannot read IP mode file for STMicroelectronics.FP-SNS-FLIGHT1.5.0.2
2024-01-20 17:57:39,778 [WARN] PackLoader:240 - Cannot read IP mode file for STMicroelectronics.X-CUBE-DISPLAY.3.0.0
2024-01-20 17:57:39,803 [WARN] PackLoader:240 - Cannot read IP mode file for STMicroelectronics.X-CUBE-BLE1.7.0.0
2024-01-20 17:57:39,809 [WARN] PackLoader:240 - Cannot read IP mode file for emotas.I-CUBE-CANOPEN.1.3.0
2024-01-20 17:57:39,816 [WARN] PackLoader:240 - Cannot read IP mode file for STMicroelectronics.FP-SNS-SMARTAG2.1.2.0
2024-01-20 17:57:39,831 [INFO] LogOutputStream:77 - [STDOUT_REDIRECT] 1 : Invalid condition id : UX_CORESTACK_Condition cause : null
2024-01-20 17:57:39,832 [INFO] LogOutputStream:77 - [STDOUT_REDIRECT] 1 : Invalid condition id : UX_CORESTACK_Condition cause : null
2024-01-20 17:57:39,833 [INFO] LogOutputStream:77 - [STDOUT_REDIRECT] 1 : Invalid condition id : UX_CORESTACK_Condition cause : null
2024-01-20 17:57:39,834 [INFO] LogOutputStream:77 - [STDOUT_REDIRECT] 1 : Invalid condition id : UX_CORESTACK_Condition cause : null
2024-01-20 17:57:39,835 [INFO] LogOutputStream:77 - [STDOUT_REDIRECT] 1 : Invalid condition id : UX_CORESTACK_Condition cause : null
2024-01-20 17:57:39,848 [WARN] PackLoader:240 - Cannot read IP mode file for STMicroelectronics.X-CUBE-AZRTOS-WL.2.0.0
2024-01-20 17:57:39,862 [WARN] PackLoader:240 - Cannot read IP mode file for WES.I-CUBE-Cesium.1.3.0
2024-01-20 17:57:39,875 [WARN] PackLoader:240 - Cannot read IP mode file for STMicroelectronics.X-CUBE-BLE2.3.3.0
2024-01-20 17:57:39,890 [WARN] PackLoader:240 - Cannot read IP mode file for STMicroelectronics.X-CUBE-ALGOBUILD.1.3.0
2024-01-20 17:57:39,925 [WARN] PackLoader:240 - Cannot read IP mode file for STMicroelectronics.X-CUBE-AZRTOS-G0.1.1.0
2024-01-20 17:57:39,937 [WARN] PackLoader:240 - Cannot read IP mode file for STMicroelectronics.X-CUBE-NFC4.3.0.0
2024-01-20 17:57:39,958 [WARN] PackLoader:240 - Cannot read IP mode file for STMicroelectronics.X-CUBE-BLEMGR.3.0.0
2024-01-20 17:57:39,968 [WARN] PackLoader:240 - Cannot read IP mode file for STMicroelectronics.FP-ATR-SIGFOX1.3.2.0
2024-01-20 17:57:40,039 [WARN] PackLoader:240 - Cannot read IP mode file for SEGGER.I-CUBE-embOS.1.3.1
2024-01-20 17:57:40,101 [INFO] WebApp:780 - Register for checkConnection events
2024-01-20 17:57:40,101 [INFO] WebApp:414 - Apply proxy settings
2024-01-20 17:57:40,102 [INFO] WebApp:499 - Chromium requires no authentication
2024-01-20 17:57:40,115 [INFO] WebApp:442 - Direct internet connection detected
2024-01-20 17:57:40,126 [WARN] PackLoader:240 - Cannot read IP mode file for STMicroelectronics.X-CUBE-GNSS1.6.0.0
2024-01-20 17:57:40,157 [WARN] PackLoader:240 - Cannot read IP mode file for STMicroelectronics.X-CUBE-AZRTOS-F4.1.1.0
2024-01-20 17:57:40,167 [WARN] PackLoader:240 - Cannot read IP mode file for wolfSSL.I-CUBE-wolfSSL.5.6.6
2024-01-20 17:57:40,190 [WARN] PackLoader:240 - Cannot read IP mode file for STMicroelectronics.X-CUBE-AZRTOS-L5.2.0.0
2024-01-20 17:57:40,204 [WARN] PackLoader:240 - Cannot read IP mode file for STMicroelectronics.X-CUBE-EEPRMA1.4.2.0
2024-01-20 17:57:40,214 [WARN] PackLoader:240 - Cannot read IP mode file for ITTIA_DB.I-CUBE-ITTIADB.8.8.0
2024-01-20 17:57:40,221 [WARN] PackLoader:240 - Cannot read IP mode file for STMicroelectronics.X-CUBE-NFC7.1.0.1
2024-01-20 17:57:40,234 [WARN] PackLoader:240 - Cannot read IP mode file for STMicroelectronics.X-CUBE-NFC6.3.0.0
2024-01-20 17:57:40,243 [WARN] PackLoader:240 - Cannot read IP mode file for STMicroelectronics.X-CUBE-AI.8.1.0
2024-01-20 17:57:40,280 [WARN] ConditionMgr:438 - getConditionDescription Invalid condition id : LAN8742 Phy interface Condition cause : null
2024-01-20 17:57:40,281 [WARN] PackLoader:240 - Cannot read IP mode file for STMicroelectronics.X-CUBE-AZRTOS-L4.2.0.0
2024-01-20 17:57:40,284 [WARN] ConditionMgr:1039 - genDependencies : Invalid condition id : LAN8742 Phy interface Condition cause : null
2024-01-20 17:57:40,285 [WARN] ConditionMgr:1039 - genDependencies : Invalid condition id : LAN8742 Phy interface Condition cause : null
2024-01-20 17:57:40,286 [WARN] ConditionMgr:1039 - genDependencies : Invalid condition id : LAN8742 Phy interface Condition cause : null
2024-01-20 17:57:40,297 [WARN] PackLoader:240 - Cannot read IP mode file for STMicroelectronics.X-CUBE-SFXS2LP1.4.0.0
2024-01-20 17:57:40,313 [WARN] ConditionMgr:438 - getConditionDescription Invalid condition id : UX DEVICE CLASS RTOS Condition cause : null
2024-01-20 17:57:40,314 [WARN] ConditionMgr:438 - getConditionDescription Invalid condition id : UX DEVICE CLASS RTOS Condition cause : null
2024-01-20 17:57:40,321 [WARN] PackLoader:240 - Cannot read IP mode file for STMicroelectronics.X-CUBE-AZRTOS-WB.2.0.0
2024-01-20 17:57:40,323 [WARN] ConditionMgr:1039 - genDependencies : Invalid condition id : UX DEVICE CLASS RTOS Condition cause : null
2024-01-20 17:57:40,323 [WARN] ConditionMgr:1039 - genDependencies : Invalid condition id : UX DEVICE CLASS RTOS Condition cause : null
2024-01-20 17:57:40,324 [WARN] ConditionMgr:1039 - genDependencies : Invalid condition id : UX DEVICE CLASS RTOS Condition cause : null
2024-01-20 17:57:40,325 [WARN] ConditionMgr:1039 - genDependencies : Invalid condition id : UX DEVICE CLASS RTOS Condition cause : null
2024-01-20 17:57:40,325 [WARN] ConditionMgr:1039 - genDependencies : Invalid condition id : UX DEVICE CLASS RTOS Condition cause : null
2024-01-20 17:57:40,339 [WARN] PackLoader:240 - Cannot read IP mode file for STMicroelectronics.X-CUBE-SUBG2.5.0.0
2024-01-20 17:57:40,372 [WARN] PackLoader:240 - Cannot read IP mode file for STMicroelectronics.X-CUBE-AZRTOS-G4.2.0.0
2024-01-20 17:57:40,391 [WARN] PackLoader:240 - Cannot read IP mode file for Infineon.AIROC-Wi-Fi-Bluetooth-STM32.1.5.1
2024-01-20 17:57:40,400 [WARN] PackLoader:240 - Cannot read IP mode file for STMicroelectronics.FP-SNS-MOTENVWB1.1.3.1
2024-01-20 17:57:40,413 [WARN] PackLoader:240 - Cannot read IP mode file for STMicroelectronics.X-CUBE-ISPU.2.0.0
2024-01-20 17:57:40,446 [INFO] WebApp:192 - Starting web application
2024-01-20 17:57:40,447 [INFO] WebApp:544 - Web application path used /opt/st/stm32cubeide_1.14.0/plugins/com.st.stm32cube.common.mx_6.10.0.202311202037/db/plugins/mcufinder/reactClient1/index.html
2024-01-20 17:57:40,467 [WARN] PackLoader:240 - Cannot read IP mode file for STMicroelectronics.X-CUBE-MEMS1.10.0.0
2024-01-20 17:57:40,721 [WARN] PackLoader:240 - Cannot read IP mode file for STMicroelectronics.X-CUBE-FREERTOS.1.1.0
2024-01-20 17:57:40,728 [WARN] PackLoader:240 - Cannot read IP mode file for portGmbH.I-Cube-SoM-uGOAL.1.1.0
2024-01-20 17:57:40,732 [WARN] PackLoader:240 - Cannot read IP mode file for STMicroelectronics.X-CUBE-ALS.1.0.1
2024-01-20 17:57:40,738 [WARN] PackLoader:240 - Cannot read IP mode file for STMicroelectronics.FP-ATR-ASTRA1.2.0.0
2024-01-20 17:57:40,755 [WARN] PackLoader:240 - Cannot read IP mode file for STMicroelectronics.X-CUBE-TOF1.3.4.0
2024-01-20 17:57:40,819 [WARN] PackLoader:240 - Cannot read IP mode file for STMicroelectronics.X-CUBE-AZRTOS-H7.3.2.0
2024-01-20 17:57:40,825 [INFO] ThirdParty:978 - Integrity check success = true
2024-01-20 17:57:40,826 [INFO] IntegrityCheckThread:100 - exiting critical section [integrity check]
2024-01-20 17:57:40,826 [INFO] IntegrityCheckThread:103 - End integrity checks thread
2024-01-20 17:58:01,106 [ERROR] LogOutputStream:75 - [STDERR_REDIRECT] SLF4J: Failed to load class "org.slf4j.impl.StaticLoggerBinder".
2024-01-20 17:58:01,107 [ERROR] LogOutputStream:75 - [STDERR_REDIRECT] SLF4J: Defaulting to no-operation (NOP) logger implementation
2024-01-20 17:58:01,107 [ERROR] LogOutputStream:75 - [STDERR_REDIRECT] SLF4J: See http://www.slf4j.org/codes.html#StaticLoggerBinder for further details.
2024-01-20 17:58:12,213 [ERROR] LogOutputStream:75 - [STDERR_REDIRECT] 
