2024-01-26 04:21:25,820 [INFO] Activator:176 - 


2024-01-26 04:21:25,829 [INFO] Activator:177 - !SESSION log4j initialized
2024-01-26 04:21:32,256 [INFO] LogOutputStream:77 - [STDOUT_REDIRECT] 
2024-01-26 04:21:33,758 [INFO] ApplicationProperties:184 - Using Application install path: /opt/st/stm32cubeide_1.14.0/plugins/com.st.stm32cube.common.mx_6.10.0.202311202037
2024-01-26 04:21:33,785 [INFO] DbMcusXml:78 - Set database path to: /opt/st/stm32cubeide_1.14.0/plugins/com.st.stm32cube.common.mx_6.10.0.202311202037//db//mcu/
2024-01-26 04:21:33,786 [INFO] ApiDb:274 - Set plugin database path to: /opt/st/stm32cubeide_1.14.0/plugins/com.st.stm32cube.common.mx_6.10.0.202311202037//db//plugins/boardmanager/
2024-01-26 04:21:33,787 [WARN] ApiDb:259 - Overriding images path with different value:  => /opt/st/stm32cubeide_1.14.0/plugins/com.st.stm32cube.common.mx_6.10.0.202311202037//db//plugins/mcufinder/images/
2024-01-26 04:21:33,796 [INFO] ApiDb:250 - Set database path to: /home/sleman/.stmcufinder/plugins/mcufinder//mcu/
2024-01-26 04:21:33,798 [INFO] DbMcusAds:125 - Set database path to: /home/sleman/.stmcufinder/plugins/mcufinder//mcu/
2024-01-26 04:21:33,802 [INFO] CrossReferenceDbSqlite:203 - Set database path to: /home/sleman/.stmcufinder/plugins/mcufinder//mcu/cs/
2024-01-26 04:21:33,955 [INFO] RulesReader:64 - Compatibility file has been processed (297 Rules)
2024-01-26 04:21:34,038 [INFO] DbMcusXml:78 - Set database path to: /opt/st/stm32cubeide_1.14.0/plugins/com.st.stm32cube.common.mx_6.10.0.202311202037//db//mcu/
2024-01-26 04:21:34,038 [INFO] ApiDb:274 - Set plugin database path to: /opt/st/stm32cubeide_1.14.0/plugins/com.st.stm32cube.common.mx_6.10.0.202311202037//db//plugins/boardmanager/
2024-01-26 04:21:34,038 [INFO] ApiDb:261 - Set plugin images path to: /opt/st/stm32cubeide_1.14.0/plugins/com.st.stm32cube.common.mx_6.10.0.202311202037//db//plugins/mcufinder/images/
2024-01-26 04:21:34,039 [WARN] DbFile:41 - Overriding database path with different value: /home/sleman/.stmcufinder/plugins/mcufinder/ => /home/sleman/.stmcufinder/plugins/mcufinder
2024-01-26 04:21:34,039 [INFO] ApiDb:250 - Set database path to: /home/sleman/.stmcufinder/plugins/mcufinder//mcu/
2024-01-26 04:21:34,039 [WARN] DbFile:41 - Overriding database path with different value: /home/sleman/.stmcufinder/plugins/mcufinder/ => /home/sleman/.stmcufinder/plugins/mcufinder
2024-01-26 04:21:34,039 [INFO] DbMcusAds:125 - Set database path to: /home/sleman/.stmcufinder/plugins/mcufinder//mcu/
2024-01-26 04:21:34,039 [WARN] DbFile:41 - Overriding database path with different value: /home/sleman/.stmcufinder/plugins/mcufinder/ => /home/sleman/.stmcufinder/plugins/mcufinder
2024-01-26 04:21:34,039 [WARN] DbFile:41 - Overriding database path with different value: /home/sleman/.stmcufinder/plugins/mcufinder/ => /home/sleman/.stmcufinder/plugins/mcufinder
2024-01-26 04:21:34,040 [INFO] CrossReferenceDbSqlite:203 - Set database path to: /home/sleman/.stmcufinder/plugins/mcufinder//mcu/cs/
2024-01-26 04:21:34,152 [INFO] MainPanel:264 - HeapMemory: 268435456
2024-01-26 04:21:34,303 [INFO] DbMcusXml:78 - Set database path to: /opt/st/stm32cubeide_1.14.0/plugins/com.st.stm32cube.common.mx_6.10.0.202311202037//db//mcu/
2024-01-26 04:21:34,303 [INFO] ApiDb:274 - Set plugin database path to: /opt/st/stm32cubeide_1.14.0/plugins/com.st.stm32cube.common.mx_6.10.0.202311202037//db//plugins/boardmanager/
2024-01-26 04:21:34,304 [INFO] ApiDb:261 - Set plugin images path to: /opt/st/stm32cubeide_1.14.0/plugins/com.st.stm32cube.common.mx_6.10.0.202311202037//db//plugins/mcufinder/images/
2024-01-26 04:21:34,304 [WARN] DbFile:41 - Overriding database path with different value: /home/sleman/.stmcufinder/plugins/mcufinder/ => /home/sleman/.stmcufinder/plugins/mcufinder
2024-01-26 04:21:34,304 [INFO] ApiDb:250 - Set database path to: /home/sleman/.stmcufinder/plugins/mcufinder//mcu/
2024-01-26 04:21:34,304 [WARN] DbFile:41 - Overriding database path with different value: /home/sleman/.stmcufinder/plugins/mcufinder/ => /home/sleman/.stmcufinder/plugins/mcufinder
2024-01-26 04:21:34,305 [INFO] DbMcusAds:125 - Set database path to: /home/sleman/.stmcufinder/plugins/mcufinder//mcu/
2024-01-26 04:21:34,305 [WARN] DbFile:41 - Overriding database path with different value: /home/sleman/.stmcufinder/plugins/mcufinder/ => /home/sleman/.stmcufinder/plugins/mcufinder
2024-01-26 04:21:34,305 [WARN] DbFile:41 - Overriding database path with different value: /home/sleman/.stmcufinder/plugins/mcufinder/ => /home/sleman/.stmcufinder/plugins/mcufinder
2024-01-26 04:21:34,305 [INFO] CrossReferenceDbSqlite:203 - Set database path to: /home/sleman/.stmcufinder/plugins/mcufinder//mcu/cs/
2024-01-26 04:21:34,326 [INFO] ApplicationProperties:184 - Using Application install path: /opt/st/stm32cubeide_1.14.0/plugins/com.st.stm32cube.common.mx_6.10.0.202311202037
2024-01-26 04:21:34,328 [INFO] PluginManage:196 - Search for loadable plugins [exclusion list=, ]
2024-01-26 04:21:34,330 [INFO] PluginManage:310 - Check plugin analytics
2024-01-26 04:21:34,572 [INFO] AnalyticsPlugin:253 - Accepted Software Licenses: 
2024-01-26 04:21:34,573 [INFO] AnalyticsPlugin:255 - Accepted CMSIS Pack Licenses: 
2024-01-26 04:21:34,573 [INFO] AnalyticsPlugin:257 - Accepted Firmware Licenses: 
2024-01-26 04:21:34,577 [INFO] PluginManage:359 - Loaded plugin analytics (category:tool,tabindex:-1)
2024-01-26 04:21:34,577 [INFO] PluginManage:310 - Check plugin cadmodel
2024-01-26 04:21:34,621 [INFO] CADModel:105 - Init CAD model plugin
2024-01-26 04:21:34,621 [INFO] PluginManage:359 - Loaded plugin cadmodel (category:power,tabindex:5)
2024-01-26 04:21:34,622 [INFO] PluginManage:310 - Check plugin clock
2024-01-26 04:21:34,640 [INFO] PluginManage:359 - Loaded plugin clock (category:base,tabindex:2)
2024-01-26 04:21:34,641 [INFO] PluginManage:310 - Check plugin ddr
2024-01-26 04:21:34,644 [INFO] PluginManage:359 - Loaded plugin ddr (category:tool,tabindex:6)
2024-01-26 04:21:34,645 [INFO] PluginManage:310 - Check plugin filemanager
2024-01-26 04:21:34,845 [INFO] PluginManage:359 - Loaded plugin filemanager (category:base,tabindex:10)
2024-01-26 04:21:34,846 [INFO] PluginManage:310 - Check plugin ipmanager
2024-01-26 04:21:34,856 [INFO] PluginManage:359 - Loaded plugin ipmanager (category:base,tabindex:5)
2024-01-26 04:21:34,857 [INFO] PluginManage:310 - Check plugin lpbam
2024-01-26 04:21:34,871 [INFO] PluginManage:359 - Loaded plugin lpbam (category:base,tabindex:0)
2024-01-26 04:21:34,872 [INFO] PluginManage:310 - Check plugin memorymap
2024-01-26 04:21:34,890 [INFO] PluginManage:359 - Loaded plugin memorymap (category:base,tabindex:4)
2024-01-26 04:21:34,890 [INFO] PluginManage:310 - Check plugin pinoutandconfiguration
2024-01-26 04:21:34,903 [INFO] PluginManage:359 - Loaded plugin pinoutandconfiguration (category:base,tabindex:1)
2024-01-26 04:21:34,903 [INFO] PluginManage:310 - Check plugin pinoutconfig
2024-01-26 04:21:35,084 [WARN] SupportedApi:132 - Cannot load RTOS API schema: s4s-elt-must-match.1: The content of 'definitions' must match (annotation?, (simpleType | complexType)?, (unique | key | keyref)*)). A problem was found starting at: attribute.
2024-01-26 04:21:35,334 [INFO] PluginManage:359 - Loaded plugin pinoutconfig (category:base,tabindex:0)
2024-01-26 04:21:35,334 [INFO] PluginManage:310 - Check plugin power
2024-01-26 04:21:35,354 [INFO] PluginManage:359 - Loaded plugin power (category:power,tabindex:4)
2024-01-26 04:21:35,355 [INFO] PluginManage:310 - Check plugin projectmanager
2024-01-26 04:21:35,387 [INFO] PluginManage:359 - Loaded plugin projectmanager (category:projectmanager,tabindex:3)
2024-01-26 04:21:35,388 [INFO] PluginManage:310 - Check plugin thirdparty
2024-01-26 04:21:35,586 [INFO] PluginManage:359 - Loaded plugin thirdparty (category:base,tabindex:-1)
2024-01-26 04:21:35,586 [WARN] IntegrityCheckThread:84 - waiting for thirdparty lock release [integrity check]
2024-01-26 04:21:35,586 [INFO] PluginManage:310 - Check plugin tools
2024-01-26 04:21:35,586 [INFO] IntegrityCheckThread:86 - entering critical section [integrity check]
2024-01-26 04:21:35,587 [INFO] ThirdPartyUpdaterWithRetryManager:70 - Updater plugin not ready yet. [1/15]
2024-01-26 04:21:35,590 [INFO] PluginManage:359 - Loaded plugin tools (category:base,tabindex:7)
2024-01-26 04:21:35,591 [INFO] PluginManage:310 - Check plugin tutovideos
2024-01-26 04:21:35,839 [INFO] PluginManage:359 - Loaded plugin tutovideos (category:base,tabindex:-1)
2024-01-26 04:21:35,839 [INFO] PluginManage:310 - Check plugin updater
2024-01-26 04:21:35,854 [INFO] PluginManage:359 - Loaded plugin updater (category:base,tabindex:12)
2024-01-26 04:21:35,855 [INFO] PluginManage:310 - Check plugin userauth
2024-01-26 04:21:35,864 [INFO] UserAuth:114 - Init User Auth plugin
2024-01-26 04:21:35,864 [INFO] PluginManage:359 - Loaded plugin userauth (category:base,tabindex:14)
2024-01-26 04:21:35,865 [INFO] PluginManage:283 - PluginManage : Loaded plugins [17]
2024-01-26 04:21:36,165 [INFO] PinOutPanel:1499 - setPackage(No Configuration,No Configuration)
2024-01-26 04:21:36,250 [INFO] CADModel:165 - CPN selected for project level
2024-01-26 04:21:36,250 [INFO] CADModel:114 - Register for checkConnection events
2024-01-26 04:21:36,264 [INFO] IPUIPlugin:80 - create IPUIPlugin
2024-01-26 04:21:36,265 [INFO] PluginManager:220 - loadIPPluginJar : add quadspi
2024-01-26 04:21:36,267 [INFO] IPUIPlugin:80 - create IPUIPlugin
2024-01-26 04:21:36,267 [INFO] PluginManager:220 - loadIPPluginJar : add fatfs
2024-01-26 04:21:36,281 [INFO] IPUIPlugin:80 - create IPUIPlugin
2024-01-26 04:21:36,281 [INFO] PluginManager:220 - loadIPPluginJar : add adc
2024-01-26 04:21:36,286 [INFO] IPUIPlugin:80 - create IPUIPlugin
2024-01-26 04:21:36,287 [INFO] PluginManager:220 - loadIPPluginJar : add gpio
2024-01-26 04:21:36,289 [INFO] IPUIPlugin:80 - create IPUIPlugin
2024-01-26 04:21:36,289 [INFO] PluginManager:220 - loadIPPluginJar : add ucpd
2024-01-26 04:21:36,297 [INFO] IPUIPlugin:80 - create IPUIPlugin
2024-01-26 04:21:36,297 [INFO] PluginManager:220 - loadIPPluginJar : add dma
2024-01-26 04:21:36,299 [INFO] IPUIPlugin:80 - create IPUIPlugin
2024-01-26 04:21:36,299 [INFO] PluginManager:220 - loadIPPluginJar : add ts
2024-01-26 04:21:36,302 [INFO] IPUIPlugin:80 - create IPUIPlugin
2024-01-26 04:21:36,302 [INFO] PluginManager:220 - loadIPPluginJar : add usbx
2024-01-26 04:21:36,309 [INFO] IPUIPlugin:80 - create IPUIPlugin
2024-01-26 04:21:36,309 [INFO] PluginManager:220 - loadIPPluginJar : add gic
2024-01-26 04:21:36,312 [INFO] IPUIPlugin:80 - create IPUIPlugin
2024-01-26 04:21:36,312 [INFO] PluginManager:220 - loadIPPluginJar : add gfxmmu
2024-01-26 04:21:36,315 [INFO] IPUIPlugin:80 - create IPUIPlugin
2024-01-26 04:21:36,315 [INFO] PluginManager:220 - loadIPPluginJar : add openamp
2024-01-26 04:21:36,317 [INFO] IPUIPlugin:80 - create IPUIPlugin
2024-01-26 04:21:36,317 [INFO] PluginManager:220 - loadIPPluginJar : add comp
2024-01-26 04:21:36,319 [INFO] IPUIPlugin:80 - create IPUIPlugin
2024-01-26 04:21:36,320 [INFO] PluginManager:220 - loadIPPluginJar : add usart
2024-01-26 04:21:36,322 [INFO] IPUIPlugin:80 - create IPUIPlugin
2024-01-26 04:21:36,322 [INFO] PluginManager:220 - loadIPPluginJar : add hash
2024-01-26 04:21:36,326 [INFO] IPUIPlugin:80 - create IPUIPlugin
2024-01-26 04:21:36,326 [INFO] PluginManager:220 - loadIPPluginJar : add opamp
2024-01-26 04:21:36,328 [INFO] IPUIPlugin:80 - create IPUIPlugin
2024-01-26 04:21:36,329 [INFO] PluginManager:220 - loadIPPluginJar : add tim
2024-01-26 04:21:36,331 [INFO] IPUIPlugin:80 - create IPUIPlugin
2024-01-26 04:21:36,331 [INFO] PluginManager:220 - loadIPPluginJar : add i2s
2024-01-26 04:21:36,333 [INFO] IPUIPlugin:80 - create IPUIPlugin
2024-01-26 04:21:36,334 [INFO] PluginManager:220 - loadIPPluginJar : add dfsdm
2024-01-26 04:21:36,340 [INFO] IPUIPlugin:80 - create IPUIPlugin
2024-01-26 04:21:36,340 [INFO] PluginManager:220 - loadIPPluginJar : add freertos
2024-01-26 04:21:36,344 [INFO] IPUIPlugin:80 - create IPUIPlugin
2024-01-26 04:21:36,344 [INFO] PluginManager:220 - loadIPPluginJar : add pdm2pcm
2024-01-26 04:21:36,348 [INFO] IPUIPlugin:80 - create IPUIPlugin
2024-01-26 04:21:36,348 [INFO] PluginManager:220 - loadIPPluginJar : add nvic
2024-01-26 04:21:36,352 [INFO] IPUIPlugin:80 - create IPUIPlugin
2024-01-26 04:21:36,352 [INFO] PluginManager:220 - loadIPPluginJar : add gtzc
2024-01-26 04:21:36,356 [INFO] IPUIPlugin:80 - create IPUIPlugin
2024-01-26 04:21:36,356 [INFO] PluginManager:220 - loadIPPluginJar : add i2c
2024-01-26 04:21:36,360 [INFO] IPUIPlugin:80 - create IPUIPlugin
2024-01-26 04:21:36,360 [INFO] PluginManager:220 - loadIPPluginJar : add can
2024-01-26 04:21:36,363 [INFO] IPUIPlugin:80 - create IPUIPlugin
2024-01-26 04:21:36,363 [INFO] PluginManager:220 - loadIPPluginJar : add tracer_emb
2024-01-26 04:21:36,371 [INFO] IPUIPlugin:80 - create IPUIPlugin
2024-01-26 04:21:36,374 [INFO] PluginManager:220 - loadIPPluginJar : add plateformsettings
2024-01-26 04:21:36,377 [INFO] IPUIPlugin:80 - create IPUIPlugin
2024-01-26 04:21:36,377 [INFO] PluginManager:220 - loadIPPluginJar : add ltdc
2024-01-26 04:21:36,380 [INFO] IPUIPlugin:80 - create IPUIPlugin
2024-01-26 04:21:36,380 [INFO] PluginManager:220 - loadIPPluginJar : add cryp
2024-01-26 04:21:36,383 [INFO] IPUIPlugin:80 - create IPUIPlugin
2024-01-26 04:21:36,383 [INFO] PluginManager:220 - loadIPPluginJar : add dma3
2024-01-26 04:21:36,387 [INFO] IPUIPlugin:80 - create IPUIPlugin
2024-01-26 04:21:36,387 [INFO] PluginManager:220 - loadIPPluginJar : add touchsensing
2024-01-26 04:21:36,390 [INFO] IPUIPlugin:80 - create IPUIPlugin
2024-01-26 04:21:36,390 [INFO] PluginManager:220 - loadIPPluginJar : add spi
2024-01-26 04:21:36,394 [INFO] IPUIPlugin:80 - create IPUIPlugin
2024-01-26 04:21:36,395 [INFO] PluginManager:220 - loadIPPluginJar : add aes
2024-01-26 04:21:36,396 [INFO] IPUIPlugin:80 - create IPUIPlugin
2024-01-26 04:21:36,397 [INFO] PluginManager:220 - loadIPPluginJar : add tsc
2024-01-26 04:21:36,403 [INFO] IPUIPlugin:80 - create IPUIPlugin
2024-01-26 04:21:36,403 [INFO] PluginManager:220 - loadIPPluginJar : add stm32_wpan
2024-01-26 04:21:36,406 [INFO] IPUIPlugin:80 - create IPUIPlugin
2024-01-26 04:21:36,406 [INFO] PluginManager:220 - loadIPPluginJar : add i3c
2024-01-26 04:21:36,414 [INFO] IPUIPlugin:80 - create IPUIPlugin
2024-01-26 04:21:36,414 [INFO] PluginManager:220 - loadIPPluginJar : add linkedlist
2024-01-26 04:21:36,417 [INFO] IPUIPlugin:80 - create IPUIPlugin
2024-01-26 04:21:36,417 [INFO] PluginManager:220 - loadIPPluginJar : add ipddr
2024-01-26 04:21:36,421 [INFO] IPUIPlugin:80 - create IPUIPlugin
2024-01-26 04:21:36,421 [INFO] PluginManager:220 - loadIPPluginJar : add resmgrutility
2024-01-26 04:21:36,428 [INFO] IPUIPlugin:80 - create IPUIPlugin
2024-01-26 04:21:36,429 [INFO] PluginManager:220 - loadIPPluginJar : add mdma
2024-01-26 04:21:36,430 [INFO] IPUIPlugin:80 - create IPUIPlugin
2024-01-26 04:21:36,430 [INFO] PluginManager:220 - loadIPPluginJar : add genericplugin
2024-01-26 04:21:36,433 [INFO] IPUIPlugin:80 - create IPUIPlugin
2024-01-26 04:21:36,433 [INFO] PluginManager:220 - loadIPPluginJar : add sai
2024-01-26 04:21:36,435 [INFO] IPUIPlugin:80 - create IPUIPlugin
2024-01-26 04:21:36,436 [INFO] PluginManager:220 - loadIPPluginJar : add lorawan
2024-01-26 04:21:36,440 [INFO] IPUIPlugin:80 - create IPUIPlugin
2024-01-26 04:21:36,440 [INFO] PluginManager:220 - loadIPPluginJar : add fmc
2024-01-26 04:21:36,552 [INFO] CADModel:165 - CPN selected for project level
2024-01-26 04:21:36,552 [INFO] CADModel:114 - Register for checkConnection events
2024-01-26 04:21:36,552 [FATAL] Updater:308 - Updater called before beeing initialized
2024-01-26 04:21:36,553 [ERROR] CADModel:125 - Updater not yet initialized, retry later 
2024-01-26 04:21:36,731 [INFO] CADModel:165 - CPN selected for project level
2024-01-26 04:21:36,731 [INFO] CADModel:114 - Register for checkConnection events
2024-01-26 04:21:36,731 [FATAL] Updater:308 - Updater called before beeing initialized
2024-01-26 04:21:36,731 [ERROR] CADModel:125 - Updater not yet initialized, retry later 
2024-01-26 04:21:36,735 [FATAL] Updater:308 - Updater called before beeing initialized
2024-01-26 04:21:36,827 [FATAL] Updater:308 - Updater called before beeing initialized
2024-01-26 04:21:36,832 [INFO] DbMcusAds:53 - JSON generation date=Wed Nov 29 07:52:27 BRT 2023 (1701255147200)
2024-01-26 04:21:36,833 [FATAL] Updater:308 - Updater called before beeing initialized
2024-01-26 04:21:36,881 [WARN] DetailPanel:346 - Failed to get advertising image, set to default
2024-01-26 04:21:36,983 [FATAL] Updater:308 - Updater called before beeing initialized
2024-01-26 04:21:36,984 [FATAL] Updater:308 - Updater called before beeing initialized
2024-01-26 04:21:36,985 [FATAL] Updater:308 - Updater called before beeing initialized
2024-01-26 04:21:36,985 [WARN] DetailPanel:346 - Failed to get advertising image, set to default
2024-01-26 04:21:36,986 [FATAL] Updater:308 - Updater called before beeing initialized
2024-01-26 04:21:37,053 [ERROR] Updater:1120 - MainUpdater not yet initialized. External WinMGr cannot be set.
2024-01-26 04:21:37,055 [INFO] Updater:1056 - Updater Version found : 6.10.0
2024-01-26 04:21:37,098 [INFO] ApplicationProperties:184 - Using Application install path: /opt/st/stm32cubeide_1.14.0/plugins/com.st.stm32cube.common.mx_6.10.0.202311202037
2024-01-26 04:21:38,404 [INFO] MainUpdater:2873 - connection check result : 10
2024-01-26 04:21:38,405 [INFO] MainUpdater:3567 - Updater definition file requires update
2024-01-26 04:21:38,406 [INFO] MainUpdater:290 - Updater Check For Update Now.
2024-01-26 04:21:38,406 [INFO] MicroXplorer:498 - Change Database Version : DB.6.0.100
2024-01-26 04:21:38,412 [INFO] McuFinderGlobals:63 - Set McuFinder mode to 2 (CubeIDE integrated)
2024-01-26 04:21:38,412 [INFO] UserAuth:180 - activating auth plugin
2024-01-26 04:21:38,416 [INFO] UserAuth:404 - Internet connection configuration mode: 1
2024-01-26 04:21:38,432 [INFO] JxBrowserEngine:152 - Initiate JxBrowser Engine with user profile folder
2024-01-26 04:21:38,542 [INFO] ServerAccessManage:473 - Download File updaters.zip
2024-01-26 04:21:38,588 [WARN] MainUpdater:1194 - Updater busy. Cannot search thirdparties
2024-01-26 04:21:38,588 [INFO] ThirdPartyUpdaterWithRetryManager:96 - Updater plugin is busy. [1/15]
2024-01-26 04:21:38,698 [INFO] FileExtend:240 - Unzip File : updaters.zip
2024-01-26 04:21:38,699 [INFO] FileExtend:255 - Standard Zip Deflate
2024-01-26 04:21:39,078 [INFO] ServerAccessManage:473 - Download File PacksControlFlags.xml
2024-01-26 04:21:39,291 [INFO] ServerAccessManage:473 - Download File cubemx.pidx
2024-01-26 04:21:39,917 [INFO] WebApp:161 - Instantiating new browser for Auth
2024-01-26 04:21:40,726 [INFO] WebApp:780 - Register for checkConnection events
2024-01-26 04:21:40,726 [INFO] WebApp:414 - Apply proxy settings
2024-01-26 04:21:40,726 [INFO] WebApp:499 - Chromium requires no authentication
2024-01-26 04:21:40,733 [INFO] WebApp:442 - Direct internet connection detected
2024-01-26 04:21:40,874 [INFO] WebApp:192 - Starting web application
2024-01-26 04:21:40,874 [INFO] WebApp:544 - Web application path used /opt/st/stm32cubeide_1.14.0/plugins/com.st.stm32cube.common.mx_6.10.0.202311202037/db/plugins/mcufinder/reactClient1/index.html
2024-01-26 04:21:40,956 [INFO] ServerAccessManage:473 - Download File STMicroelectronics.X-CUBE-EEPRMA1.pdsc
2024-01-26 04:21:41,589 [WARN] MainUpdater:1194 - Updater busy. Cannot search thirdparties
2024-01-26 04:21:41,590 [INFO] ThirdPartyUpdaterWithRetryManager:96 - Updater plugin is busy. [2/15]
2024-01-26 04:21:43,179 [ERROR] ServerAccessManage:1089 - Problem, file not found on Server
2024-01-26 04:21:44,590 [WARN] MainUpdater:1194 - Updater busy. Cannot search thirdparties
2024-01-26 04:21:44,590 [INFO] ThirdPartyUpdaterWithRetryManager:96 - Updater plugin is busy. [3/15]
2024-01-26 04:21:46,895 [ERROR] ServerAccessManage:1089 - Problem, file not found on Server
2024-01-26 04:21:47,591 [WARN] MainUpdater:1194 - Updater busy. Cannot search thirdparties
2024-01-26 04:21:47,591 [INFO] ThirdPartyUpdaterWithRetryManager:96 - Updater plugin is busy. [4/15]
2024-01-26 04:21:50,592 [WARN] MainUpdater:1194 - Updater busy. Cannot search thirdparties
2024-01-26 04:21:50,592 [INFO] ThirdPartyUpdaterWithRetryManager:96 - Updater plugin is busy. [5/15]
2024-01-26 04:21:52,118 [ERROR] ServerAccessManage:1096 - Problem, Http access forbiden
2024-01-26 04:21:52,119 [ERROR] ServerAccessManage:651 - Problem, Http access forbiden : RoweBots.I-CUBE-UNISONRTOS.pdsc.
2024-01-26 04:21:52,290 [WARN] PackLoader:240 - Cannot read IP mode file for STMicroelectronics.X-CUBE-EEPRMA1.5.1.0
2024-01-26 04:21:52,298 [INFO] PopulateThirdPartyThread:66 - Ending populate Thread
2024-01-26 04:21:52,300 [INFO] ThirdParty:1030 - CMSIS Pack Vendor :STMicroelectronics X-CUBE-EEPRMA1 5.1.0
2024-01-26 04:21:52,300 [INFO] LoadServerUpdatesThread:375 - End of LoadServerUpdate Thread
2024-01-26 04:21:52,425 [INFO] CheckServerUpdateThread:120 - End of CheckServer Thread
2024-01-26 04:21:53,743 [WARN] PackLoader:240 - Cannot read IP mode file for STMicroelectronics.X-CUBE-SMBUS.2.1.0
2024-01-26 04:21:53,747 [WARN] PackLoader:240 - Cannot read IP mode file for STMicroelectronics.X-CUBE-TOUCHGFX.4.23.0
2024-01-26 04:21:53,773 [WARN] PackLoader:240 - Cannot read IP mode file for STMicroelectronics.X-CUBE-AZRTOS-F7.1.1.0
2024-01-26 04:21:53,783 [WARN] PackLoader:240 - Cannot read IP mode file for STMicroelectronics.FP-SNS-MOTENV1.4.3.2
2024-01-26 04:21:53,791 [WARN] PackLoader:240 - Cannot read IP mode file for STMicroelectronics.FP-SNS-FLIGHT1.5.0.2
2024-01-26 04:21:53,799 [WARN] PackLoader:240 - Cannot read IP mode file for STMicroelectronics.X-CUBE-DISPLAY.3.0.0
2024-01-26 04:21:53,811 [WARN] PackLoader:240 - Cannot read IP mode file for STMicroelectronics.X-CUBE-BLE1.7.0.0
2024-01-26 04:21:53,816 [WARN] PackLoader:240 - Cannot read IP mode file for emotas.I-CUBE-CANOPEN.1.3.0
2024-01-26 04:21:53,821 [WARN] PackLoader:240 - Cannot read IP mode file for STMicroelectronics.FP-SNS-SMARTAG2.1.2.0
2024-01-26 04:21:53,831 [INFO] LogOutputStream:77 - [STDOUT_REDIRECT] 1 : Invalid condition id : UX_CORESTACK_Condition cause : null
2024-01-26 04:21:53,831 [INFO] LogOutputStream:77 - [STDOUT_REDIRECT] 1 : Invalid condition id : UX_CORESTACK_Condition cause : null
2024-01-26 04:21:53,832 [INFO] LogOutputStream:77 - [STDOUT_REDIRECT] 1 : Invalid condition id : UX_CORESTACK_Condition cause : null
2024-01-26 04:21:53,832 [INFO] LogOutputStream:77 - [STDOUT_REDIRECT] 1 : Invalid condition id : UX_CORESTACK_Condition cause : null
2024-01-26 04:21:53,832 [INFO] LogOutputStream:77 - [STDOUT_REDIRECT] 1 : Invalid condition id : UX_CORESTACK_Condition cause : null
2024-01-26 04:21:53,837 [WARN] PackLoader:240 - Cannot read IP mode file for STMicroelectronics.X-CUBE-AZRTOS-WL.2.0.0
2024-01-26 04:21:53,846 [WARN] PackLoader:240 - Cannot read IP mode file for WES.I-CUBE-Cesium.1.3.0
2024-01-26 04:21:53,851 [WARN] PackLoader:240 - Cannot read IP mode file for STMicroelectronics.X-CUBE-BLE2.3.3.0
2024-01-26 04:21:53,857 [WARN] PackLoader:240 - Cannot read IP mode file for STMicroelectronics.X-CUBE-ALGOBUILD.1.3.0
2024-01-26 04:21:53,875 [WARN] PackLoader:240 - Cannot read IP mode file for STMicroelectronics.X-CUBE-AZRTOS-G0.1.1.0
2024-01-26 04:21:53,884 [WARN] PackLoader:240 - Cannot read IP mode file for STMicroelectronics.X-CUBE-NFC4.3.0.0
2024-01-26 04:21:53,894 [WARN] PackLoader:240 - Cannot read IP mode file for STMicroelectronics.X-CUBE-BLEMGR.3.0.0
2024-01-26 04:21:53,901 [WARN] PackLoader:240 - Cannot read IP mode file for STMicroelectronics.FP-ATR-SIGFOX1.3.2.0
2024-01-26 04:21:53,906 [WARN] PackLoader:240 - Cannot read IP mode file for STMicroelectronics.X-CUBE-EEPRMA1.5.1.0
2024-01-26 04:21:53,943 [WARN] PackLoader:240 - Cannot read IP mode file for SEGGER.I-CUBE-embOS.1.3.1
2024-01-26 04:21:53,990 [WARN] PackLoader:240 - Cannot read IP mode file for STMicroelectronics.X-CUBE-GNSS1.6.0.0
2024-01-26 04:21:54,012 [WARN] PackLoader:240 - Cannot read IP mode file for STMicroelectronics.X-CUBE-AZRTOS-F4.1.1.0
2024-01-26 04:21:54,027 [WARN] PackLoader:240 - Cannot read IP mode file for wolfSSL.I-CUBE-wolfSSL.5.6.6
2024-01-26 04:21:54,046 [WARN] PackLoader:240 - Cannot read IP mode file for STMicroelectronics.X-CUBE-AZRTOS-L5.2.0.0
2024-01-26 04:21:54,062 [WARN] PackLoader:240 - Cannot read IP mode file for STMicroelectronics.X-CUBE-EEPRMA1.4.2.0
2024-01-26 04:21:54,068 [WARN] PackLoader:240 - Cannot read IP mode file for ITTIA_DB.I-CUBE-ITTIADB.8.8.0
2024-01-26 04:21:54,073 [WARN] PackLoader:240 - Cannot read IP mode file for STMicroelectronics.X-CUBE-NFC7.1.0.1
2024-01-26 04:21:54,081 [WARN] PackLoader:240 - Cannot read IP mode file for STMicroelectronics.X-CUBE-NFC6.3.0.0
2024-01-26 04:21:54,086 [WARN] PackLoader:240 - Cannot read IP mode file for STMicroelectronics.X-CUBE-AI.8.1.0
2024-01-26 04:21:54,103 [WARN] ConditionMgr:438 - getConditionDescription Invalid condition id : LAN8742 Phy interface Condition cause : null
2024-01-26 04:21:54,105 [WARN] PackLoader:240 - Cannot read IP mode file for STMicroelectronics.X-CUBE-AZRTOS-L4.2.0.0
2024-01-26 04:21:54,106 [WARN] ConditionMgr:1039 - genDependencies : Invalid condition id : LAN8742 Phy interface Condition cause : null
2024-01-26 04:21:54,107 [WARN] ConditionMgr:1039 - genDependencies : Invalid condition id : LAN8742 Phy interface Condition cause : null
2024-01-26 04:21:54,108 [WARN] ConditionMgr:1039 - genDependencies : Invalid condition id : LAN8742 Phy interface Condition cause : null
2024-01-26 04:21:54,114 [WARN] PackLoader:240 - Cannot read IP mode file for STMicroelectronics.X-CUBE-SFXS2LP1.4.0.0
2024-01-26 04:21:54,126 [WARN] ConditionMgr:438 - getConditionDescription Invalid condition id : UX DEVICE CLASS RTOS Condition cause : null
2024-01-26 04:21:54,127 [WARN] ConditionMgr:438 - getConditionDescription Invalid condition id : UX DEVICE CLASS RTOS Condition cause : null
2024-01-26 04:21:54,129 [WARN] PackLoader:240 - Cannot read IP mode file for STMicroelectronics.X-CUBE-AZRTOS-WB.2.0.0
2024-01-26 04:21:54,130 [WARN] ConditionMgr:1039 - genDependencies : Invalid condition id : UX DEVICE CLASS RTOS Condition cause : null
2024-01-26 04:21:54,130 [WARN] ConditionMgr:1039 - genDependencies : Invalid condition id : UX DEVICE CLASS RTOS Condition cause : null
2024-01-26 04:21:54,130 [WARN] ConditionMgr:1039 - genDependencies : Invalid condition id : UX DEVICE CLASS RTOS Condition cause : null
2024-01-26 04:21:54,131 [WARN] ConditionMgr:1039 - genDependencies : Invalid condition id : UX DEVICE CLASS RTOS Condition cause : null
2024-01-26 04:21:54,131 [WARN] ConditionMgr:1039 - genDependencies : Invalid condition id : UX DEVICE CLASS RTOS Condition cause : null
2024-01-26 04:21:54,141 [WARN] PackLoader:240 - Cannot read IP mode file for STMicroelectronics.X-CUBE-SUBG2.5.0.0
2024-01-26 04:21:54,161 [WARN] PackLoader:240 - Cannot read IP mode file for STMicroelectronics.X-CUBE-AZRTOS-G4.2.0.0
2024-01-26 04:21:54,174 [WARN] PackLoader:240 - Cannot read IP mode file for Infineon.AIROC-Wi-Fi-Bluetooth-STM32.1.5.1
2024-01-26 04:21:54,180 [WARN] PackLoader:240 - Cannot read IP mode file for STMicroelectronics.FP-SNS-MOTENVWB1.1.3.1
2024-01-26 04:21:54,184 [WARN] PackLoader:240 - Cannot read IP mode file for STMicroelectronics.X-CUBE-ISPU.2.0.0
2024-01-26 04:21:54,220 [WARN] PackLoader:240 - Cannot read IP mode file for STMicroelectronics.X-CUBE-MEMS1.10.0.0
2024-01-26 04:21:54,347 [WARN] PackLoader:240 - Cannot read IP mode file for STMicroelectronics.X-CUBE-FREERTOS.1.1.0
2024-01-26 04:21:54,351 [WARN] PackLoader:240 - Cannot read IP mode file for portGmbH.I-Cube-SoM-uGOAL.1.1.0
2024-01-26 04:21:54,355 [WARN] PackLoader:240 - Cannot read IP mode file for STMicroelectronics.X-CUBE-ALS.1.0.1
2024-01-26 04:21:54,359 [WARN] PackLoader:240 - Cannot read IP mode file for STMicroelectronics.FP-ATR-ASTRA1.2.0.0
2024-01-26 04:21:54,369 [WARN] PackLoader:240 - Cannot read IP mode file for STMicroelectronics.X-CUBE-TOF1.3.4.0
2024-01-26 04:21:54,396 [WARN] PackLoader:240 - Cannot read IP mode file for STMicroelectronics.X-CUBE-AZRTOS-H7.3.2.0
2024-01-26 04:21:54,400 [INFO] ThirdParty:978 - Integrity check success = true
2024-01-26 04:21:54,400 [INFO] IntegrityCheckThread:100 - exiting critical section [integrity check]
2024-01-26 04:21:54,400 [INFO] IntegrityCheckThread:103 - End integrity checks thread
2024-01-26 04:22:01,480 [ERROR] LogOutputStream:75 - [STDERR_REDIRECT] SLF4J: Failed to load class "org.slf4j.impl.StaticLoggerBinder".
2024-01-26 04:22:01,481 [ERROR] LogOutputStream:75 - [STDERR_REDIRECT] SLF4J: Defaulting to no-operation (NOP) logger implementation
2024-01-26 04:22:01,481 [ERROR] LogOutputStream:75 - [STDERR_REDIRECT] SLF4J: See http://www.slf4j.org/codes.html#StaticLoggerBinder for further details.
